[2020-05-03 15:24:05] local.ERROR: syntax error, unexpected ''agama'' (T_CONSTANT_ENCAPSED_STRING), expecting ']' {"exception":"[object] (Symfony\\Component\\Debug\\Exception\\FatalThrowableError(code: 0): syntax error, unexpected ''agama'' (T_CONSTANT_ENCAPSED_STRING), expecting ']' at /home/hyaah/Desktop/laravel-app-collection/sim-siswa-app/database/seeds/siswaseeder.php:20)
[stacktrace]
#0 /home/hyaah/Desktop/laravel-app-collection/sim-siswa-app/vendor/composer/ClassLoader.php(322): Composer\\Autoload\\includeFile()
#1 [internal function]: Composer\\Autoload\\ClassLoader->loadClass()
#2 [internal function]: spl_autoload_call()
#3 /home/hyaah/Desktop/laravel-app-collection/sim-siswa-app/vendor/laravel/framework/src/Illuminate/Container/Container.php(788): ReflectionClass->__construct()
#4 /home/hyaah/Desktop/laravel-app-collection/sim-siswa-app/vendor/laravel/framework/src/Illuminate/Container/Container.php(667): Illuminate\\Container\\Container->build()
#5 /home/hyaah/Desktop/laravel-app-collection/sim-siswa-app/vendor/laravel/framework/src/Illuminate/Container/Container.php(615): Illuminate\\Container\\Container->resolve()
#6 /home/hyaah/Desktop/laravel-app-collection/sim-siswa-app/vendor/laravel/framework/src/Illuminate/Foundation/Application.php(767): Illuminate\\Container\\Container->make()
#7 /home/hyaah/Desktop/laravel-app-collection/sim-siswa-app/vendor/laravel/framework/src/Illuminate/Database/Seeder.php(70): Illuminate\\Foundation\\Application->make()
#8 /home/hyaah/Desktop/laravel-app-collection/sim-siswa-app/vendor/laravel/framework/src/Illuminate/Database/Seeder.php(38): Illuminate\\Database\\Seeder->resolve()
#9 /home/hyaah/Desktop/laravel-app-collection/sim-siswa-app/database/seeds/DatabaseSeeder.php(15): Illuminate\\Database\\Seeder->call()
#10 [internal function]: DatabaseSeeder->run()
#11 /home/hyaah/Desktop/laravel-app-collection/sim-siswa-app/vendor/laravel/framework/src/Illuminate/Container/BoundMethod.php(32): call_user_func_array()
#12 /home/hyaah/Desktop/laravel-app-collection/sim-siswa-app/vendor/laravel/framework/src/Illuminate/Container/BoundMethod.php(90): Illuminate\\Container\\BoundMethod::Illuminate\\Container\\{closure}()
#13 /home/hyaah/Desktop/laravel-app-collection/sim-siswa-app/vendor/laravel/framework/src/Illuminate/Container/BoundMethod.php(34): Illuminate\\Container\\BoundMethod::callBoundMethod()
#14 /home/hyaah/Desktop/laravel-app-collection/sim-siswa-app/vendor/laravel/framework/src/Illuminate/Container/Container.php(576): Illuminate\\Container\\BoundMethod::call()
#15 /home/hyaah/Desktop/laravel-app-collection/sim-siswa-app/vendor/laravel/framework/src/Illuminate/Database/Seeder.php(124): Illuminate\\Container\\Container->call()
#16 /home/hyaah/Desktop/laravel-app-collection/sim-siswa-app/vendor/laravel/framework/src/Illuminate/Database/Console/Seeds/SeedCommand.php(63): Illuminate\\Database\\Seeder->__invoke()
#17 /home/hyaah/Desktop/laravel-app-collection/sim-siswa-app/vendor/laravel/framework/src/Illuminate/Database/Eloquent/Concerns/GuardsAttributes.php(122): Illuminate\\Database\\Console\\Seeds\\SeedCommand->Illuminate\\Database\\Console\\Seeds\\{closure}()
#18 /home/hyaah/Desktop/laravel-app-collection/sim-siswa-app/vendor/laravel/framework/src/Illuminate/Database/Console/Seeds/SeedCommand.php(64): Illuminate\\Database\\Eloquent\\Model::unguarded()
#19 [internal function]: Illuminate\\Database\\Console\\Seeds\\SeedCommand->handle()
#20 /home/hyaah/Desktop/laravel-app-collection/sim-siswa-app/vendor/laravel/framework/src/Illuminate/Container/BoundMethod.php(32): call_user_func_array()
#21 /home/hyaah/Desktop/laravel-app-collection/sim-siswa-app/vendor/laravel/framework/src/Illuminate/Container/BoundMethod.php(90): Illuminate\\Container\\BoundMethod::Illuminate\\Container\\{closure}()
#22 /home/hyaah/Desktop/laravel-app-collection/sim-siswa-app/vendor/laravel/framework/src/Illuminate/Container/BoundMethod.php(34): Illuminate\\Container\\BoundMethod::callBoundMethod()
#23 /home/hyaah/Desktop/laravel-app-collection/sim-siswa-app/vendor/laravel/framework/src/Illuminate/Container/Container.php(576): Illuminate\\Container\\BoundMethod::call()
#24 /home/hyaah/Desktop/laravel-app-collection/sim-siswa-app/vendor/laravel/framework/src/Illuminate/Console/Command.php(183): Illuminate\\Container\\Container->call()
#25 /home/hyaah/Desktop/laravel-app-collection/sim-siswa-app/vendor/symfony/console/Command/Command.php(255): Illuminate\\Console\\Command->execute()
#26 /home/hyaah/Desktop/laravel-app-collection/sim-siswa-app/vendor/laravel/framework/src/Illuminate/Console/Command.php(170): Symfony\\Component\\Console\\Command\\Command->run()
#27 /home/hyaah/Desktop/laravel-app-collection/sim-siswa-app/vendor/laravel/framework/src/Illuminate/Console/Command.php(198): Illuminate\\Console\\Command->run()
#28 /home/hyaah/Desktop/laravel-app-collection/sim-siswa-app/vendor/laravel/framework/src/Illuminate/Database/Console/Migrations/RefreshCommand.php(126): Illuminate\\Console\\Command->call()
#29 /home/hyaah/Desktop/laravel-app-collection/sim-siswa-app/vendor/laravel/framework/src/Illuminate/Database/Console/Migrations/RefreshCommand.php(67): Illuminate\\Database\\Console\\Migrations\\RefreshCommand->runSeeder()
#30 [internal function]: Illuminate\\Database\\Console\\Migrations\\RefreshCommand->handle()
#31 /home/hyaah/Desktop/laravel-app-collection/sim-siswa-app/vendor/laravel/framework/src/Illuminate/Container/BoundMethod.php(32): call_user_func_array()
#32 /home/hyaah/Desktop/laravel-app-collection/sim-siswa-app/vendor/laravel/framework/src/Illuminate/Container/BoundMethod.php(90): Illuminate\\Container\\BoundMethod::Illuminate\\Container\\{closure}()
#33 /home/hyaah/Desktop/laravel-app-collection/sim-siswa-app/vendor/laravel/framework/src/Illuminate/Container/BoundMethod.php(34): Illuminate\\Container\\BoundMethod::callBoundMethod()
#34 /home/hyaah/Desktop/laravel-app-collection/sim-siswa-app/vendor/laravel/framework/src/Illuminate/Container/Container.php(576): Illuminate\\Container\\BoundMethod::call()
#35 /home/hyaah/Desktop/laravel-app-collection/sim-siswa-app/vendor/laravel/framework/src/Illuminate/Console/Command.php(183): Illuminate\\Container\\Container->call()
#36 /home/hyaah/Desktop/laravel-app-collection/sim-siswa-app/vendor/symfony/console/Command/Command.php(255): Illuminate\\Console\\Command->execute()
#37 /home/hyaah/Desktop/laravel-app-collection/sim-siswa-app/vendor/laravel/framework/src/Illuminate/Console/Command.php(170): Symfony\\Component\\Console\\Command\\Command->run()
#38 /home/hyaah/Desktop/laravel-app-collection/sim-siswa-app/vendor/symfony/console/Application.php(1011): Illuminate\\Console\\Command->run()
#39 /home/hyaah/Desktop/laravel-app-collection/sim-siswa-app/vendor/symfony/console/Application.php(272): Symfony\\Component\\Console\\Application->doRunCommand()
#40 /home/hyaah/Desktop/laravel-app-collection/sim-siswa-app/vendor/symfony/console/Application.php(148): Symfony\\Component\\Console\\Application->doRun()
#41 /home/hyaah/Desktop/laravel-app-collection/sim-siswa-app/vendor/laravel/framework/src/Illuminate/Console/Application.php(90): Symfony\\Component\\Console\\Application->run()
#42 /home/hyaah/Desktop/laravel-app-collection/sim-siswa-app/vendor/laravel/framework/src/Illuminate/Foundation/Console/Kernel.php(133): Illuminate\\Console\\Application->run()
#43 /home/hyaah/Desktop/laravel-app-collection/sim-siswa-app/artisan(37): Illuminate\\Foundation\\Console\\Kernel->handle()
#44 {main}
"} 
[2020-05-03 15:24:45] local.ERROR: SQLSTATE[23000]: Integrity constraint violation: 1062 Duplicate entry 'admin@mail.id' for key 'users_email_unique' (SQL: insert into `users` (`name`, `email`, `role`, `email_verified_at`, `password`, `updated_at`, `created_at`) values (admin1, admin@mail.id, admin, 2020-05-03 15:24:45, $2y$10$3x5a03/HFoVSvlcRERbt2uKKQmpoFDnf1RtKyZvuXkIM8Ef/.9HT., 2020-05-03 15:24:45, 2020-05-03 15:24:45)) {"exception":"[object] (Illuminate\\Database\\QueryException(code: 23000): SQLSTATE[23000]: Integrity constraint violation: 1062 Duplicate entry 'admin@mail.id' for key 'users_email_unique' (SQL: insert into `users` (`name`, `email`, `role`, `email_verified_at`, `password`, `updated_at`, `created_at`) values (admin1, admin@mail.id, admin, 2020-05-03 15:24:45, $2y$10$3x5a03/HFoVSvlcRERbt2uKKQmpoFDnf1RtKyZvuXkIM8Ef/.9HT., 2020-05-03 15:24:45, 2020-05-03 15:24:45)) at /home/hyaah/Desktop/laravel-app-collection/sim-siswa-app/vendor/laravel/framework/src/Illuminate/Database/Connection.php:664, PDOException(code: 23000): SQLSTATE[23000]: Integrity constraint violation: 1062 Duplicate entry 'admin@mail.id' for key 'users_email_unique' at /home/hyaah/Desktop/laravel-app-collection/sim-siswa-app/vendor/laravel/framework/src/Illuminate/Database/Connection.php:458)
[stacktrace]
#0 /home/hyaah/Desktop/laravel-app-collection/sim-siswa-app/vendor/laravel/framework/src/Illuminate/Database/Connection.php(624): Illuminate\\Database\\Connection->runQueryCallback()
#1 /home/hyaah/Desktop/laravel-app-collection/sim-siswa-app/vendor/laravel/framework/src/Illuminate/Database/Connection.php(459): Illuminate\\Database\\Connection->run()
#2 /home/hyaah/Desktop/laravel-app-collection/sim-siswa-app/vendor/laravel/framework/src/Illuminate/Database/Connection.php(411): Illuminate\\Database\\Connection->statement()
#3 /home/hyaah/Desktop/laravel-app-collection/sim-siswa-app/vendor/laravel/framework/src/Illuminate/Database/Query/Processors/Processor.php(32): Illuminate\\Database\\Connection->insert()
#4 /home/hyaah/Desktop/laravel-app-collection/sim-siswa-app/vendor/laravel/framework/src/Illuminate/Database/Query/Builder.php(2690): Illuminate\\Database\\Query\\Processors\\Processor->processInsertGetId()
#5 /home/hyaah/Desktop/laravel-app-collection/sim-siswa-app/vendor/laravel/framework/src/Illuminate/Database/Eloquent/Builder.php(1353): Illuminate\\Database\\Query\\Builder->insertGetId()
#6 /home/hyaah/Desktop/laravel-app-collection/sim-siswa-app/vendor/laravel/framework/src/Illuminate/Database/Eloquent/Model.php(839): Illuminate\\Database\\Eloquent\\Builder->__call()
#7 /home/hyaah/Desktop/laravel-app-collection/sim-siswa-app/vendor/laravel/framework/src/Illuminate/Database/Eloquent/Model.php(804): Illuminate\\Database\\Eloquent\\Model->insertAndSetId()
#8 /home/hyaah/Desktop/laravel-app-collection/sim-siswa-app/vendor/laravel/framework/src/Illuminate/Database/Eloquent/Model.php(667): Illuminate\\Database\\Eloquent\\Model->performInsert()
#9 /home/hyaah/Desktop/laravel-app-collection/sim-siswa-app/vendor/laravel/framework/src/Illuminate/Database/Eloquent/Builder.php(795): Illuminate\\Database\\Eloquent\\Model->save()
#10 /home/hyaah/Desktop/laravel-app-collection/sim-siswa-app/vendor/laravel/framework/src/Illuminate/Support/helpers.php(1124): Illuminate\\Database\\Eloquent\\Builder->Illuminate\\Database\\Eloquent\\{closure}()
#11 /home/hyaah/Desktop/laravel-app-collection/sim-siswa-app/vendor/laravel/framework/src/Illuminate/Database/Eloquent/Builder.php(796): tap()
#12 /home/hyaah/Desktop/laravel-app-collection/sim-siswa-app/vendor/laravel/framework/src/Illuminate/Support/Traits/ForwardsCalls.php(23): Illuminate\\Database\\Eloquent\\Builder->create()
#13 /home/hyaah/Desktop/laravel-app-collection/sim-siswa-app/vendor/laravel/framework/src/Illuminate/Database/Eloquent/Model.php(1618): Illuminate\\Database\\Eloquent\\Model->forwardCallTo()
#14 /home/hyaah/Desktop/laravel-app-collection/sim-siswa-app/vendor/laravel/framework/src/Illuminate/Database/Eloquent/Model.php(1630): Illuminate\\Database\\Eloquent\\Model->__call()
#15 /home/hyaah/Desktop/laravel-app-collection/sim-siswa-app/database/seeds/UsersTableSeeder.php(20): Illuminate\\Database\\Eloquent\\Model::__callStatic()
#16 [internal function]: UsersTableSeeder->run()
#17 /home/hyaah/Desktop/laravel-app-collection/sim-siswa-app/vendor/laravel/framework/src/Illuminate/Container/BoundMethod.php(32): call_user_func_array()
#18 /home/hyaah/Desktop/laravel-app-collection/sim-siswa-app/vendor/laravel/framework/src/Illuminate/Container/BoundMethod.php(90): Illuminate\\Container\\BoundMethod::Illuminate\\Container\\{closure}()
#19 /home/hyaah/Desktop/laravel-app-collection/sim-siswa-app/vendor/laravel/framework/src/Illuminate/Container/BoundMethod.php(34): Illuminate\\Container\\BoundMethod::callBoundMethod()
#20 /home/hyaah/Desktop/laravel-app-collection/sim-siswa-app/vendor/laravel/framework/src/Illuminate/Container/Container.php(576): Illuminate\\Container\\BoundMethod::call()
#21 /home/hyaah/Desktop/laravel-app-collection/sim-siswa-app/vendor/laravel/framework/src/Illuminate/Database/Seeder.php(124): Illuminate\\Container\\Container->call()
#22 /home/hyaah/Desktop/laravel-app-collection/sim-siswa-app/vendor/laravel/framework/src/Illuminate/Database/Seeder.php(44): Illuminate\\Database\\Seeder->__invoke()
#23 /home/hyaah/Desktop/laravel-app-collection/sim-siswa-app/database/seeds/DatabaseSeeder.php(14): Illuminate\\Database\\Seeder->call()
#24 [internal function]: DatabaseSeeder->run()
#25 /home/hyaah/Desktop/laravel-app-collection/sim-siswa-app/vendor/laravel/framework/src/Illuminate/Container/BoundMethod.php(32): call_user_func_array()
#26 /home/hyaah/Desktop/laravel-app-collection/sim-siswa-app/vendor/laravel/framework/src/Illuminate/Container/BoundMethod.php(90): Illuminate\\Container\\BoundMethod::Illuminate\\Container\\{closure}()
#27 /home/hyaah/Desktop/laravel-app-collection/sim-siswa-app/vendor/laravel/framework/src/Illuminate/Container/BoundMethod.php(34): Illuminate\\Container\\BoundMethod::callBoundMethod()
#28 /home/hyaah/Desktop/laravel-app-collection/sim-siswa-app/vendor/laravel/framework/src/Illuminate/Container/Container.php(576): Illuminate\\Container\\BoundMethod::call()
#29 /home/hyaah/Desktop/laravel-app-collection/sim-siswa-app/vendor/laravel/framework/src/Illuminate/Database/Seeder.php(124): Illuminate\\Container\\Container->call()
#30 /home/hyaah/Desktop/laravel-app-collection/sim-siswa-app/vendor/laravel/framework/src/Illuminate/Database/Console/Seeds/SeedCommand.php(63): Illuminate\\Database\\Seeder->__invoke()
#31 /home/hyaah/Desktop/laravel-app-collection/sim-siswa-app/vendor/laravel/framework/src/Illuminate/Database/Eloquent/Concerns/GuardsAttributes.php(122): Illuminate\\Database\\Console\\Seeds\\SeedCommand->Illuminate\\Database\\Console\\Seeds\\{closure}()
#32 /home/hyaah/Desktop/laravel-app-collection/sim-siswa-app/vendor/laravel/framework/src/Illuminate/Database/Console/Seeds/SeedCommand.php(64): Illuminate\\Database\\Eloquent\\Model::unguarded()
#33 [internal function]: Illuminate\\Database\\Console\\Seeds\\SeedCommand->handle()
#34 /home/hyaah/Desktop/laravel-app-collection/sim-siswa-app/vendor/laravel/framework/src/Illuminate/Container/BoundMethod.php(32): call_user_func_array()
#35 /home/hyaah/Desktop/laravel-app-collection/sim-siswa-app/vendor/laravel/framework/src/Illuminate/Container/BoundMethod.php(90): Illuminate\\Container\\BoundMethod::Illuminate\\Container\\{closure}()
#36 /home/hyaah/Desktop/laravel-app-collection/sim-siswa-app/vendor/laravel/framework/src/Illuminate/Container/BoundMethod.php(34): Illuminate\\Container\\BoundMethod::callBoundMethod()
#37 /home/hyaah/Desktop/laravel-app-collection/sim-siswa-app/vendor/laravel/framework/src/Illuminate/Container/Container.php(576): Illuminate\\Container\\BoundMethod::call()
#38 /home/hyaah/Desktop/laravel-app-collection/sim-siswa-app/vendor/laravel/framework/src/Illuminate/Console/Command.php(183): Illuminate\\Container\\Container->call()
#39 /home/hyaah/Desktop/laravel-app-collection/sim-siswa-app/vendor/symfony/console/Command/Command.php(255): Illuminate\\Console\\Command->execute()
#40 /home/hyaah/Desktop/laravel-app-collection/sim-siswa-app/vendor/laravel/framework/src/Illuminate/Console/Command.php(170): Symfony\\Component\\Console\\Command\\Command->run()
#41 /home/hyaah/Desktop/laravel-app-collection/sim-siswa-app/vendor/symfony/console/Application.php(1011): Illuminate\\Console\\Command->run()
#42 /home/hyaah/Desktop/laravel-app-collection/sim-siswa-app/vendor/symfony/console/Application.php(272): Symfony\\Component\\Console\\Application->doRunCommand()
#43 /home/hyaah/Desktop/laravel-app-collection/sim-siswa-app/vendor/symfony/console/Application.php(148): Symfony\\Component\\Console\\Application->doRun()
#44 /home/hyaah/Desktop/laravel-app-collection/sim-siswa-app/vendor/laravel/framework/src/Illuminate/Console/Application.php(90): Symfony\\Component\\Console\\Application->run()
#45 /home/hyaah/Desktop/laravel-app-collection/sim-siswa-app/vendor/laravel/framework/src/Illuminate/Foundation/Console/Kernel.php(133): Illuminate\\Console\\Application->run()
#46 /home/hyaah/Desktop/laravel-app-collection/sim-siswa-app/artisan(37): Illuminate\\Foundation\\Console\\Kernel->handle()
#47 {main}
"} 
[2020-05-03 15:27:18] local.ERROR: SQLSTATE[42S02]: Base table or view not found: 1146 Table 'laravel_CROT.mapel' doesn't exist (SQL: select * from `mapel`) {"userId":1,"exception":"[object] (Illuminate\\Database\\QueryException(code: 42S02): SQLSTATE[42S02]: Base table or view not found: 1146 Table 'laravel_CROT.mapel' doesn't exist (SQL: select * from `mapel`) at /home/hyaah/Desktop/laravel-app-collection/sim-siswa-app/vendor/laravel/framework/src/Illuminate/Database/Connection.php:664, PDOException(code: 42S02): SQLSTATE[42S02]: Base table or view not found: 1146 Table 'laravel_CROT.mapel' doesn't exist at /home/hyaah/Desktop/laravel-app-collection/sim-siswa-app/vendor/laravel/framework/src/Illuminate/Database/Connection.php:326)
[stacktrace]
#0 /home/hyaah/Desktop/laravel-app-collection/sim-siswa-app/vendor/laravel/framework/src/Illuminate/Database/Connection.php(624): Illuminate\\Database\\Connection->runQueryCallback()
#1 /home/hyaah/Desktop/laravel-app-collection/sim-siswa-app/vendor/laravel/framework/src/Illuminate/Database/Connection.php(333): Illuminate\\Database\\Connection->run()
#2 /home/hyaah/Desktop/laravel-app-collection/sim-siswa-app/vendor/laravel/framework/src/Illuminate/Database/Query/Builder.php(2130): Illuminate\\Database\\Connection->select()
#3 /home/hyaah/Desktop/laravel-app-collection/sim-siswa-app/vendor/laravel/framework/src/Illuminate/Database/Query/Builder.php(2118): Illuminate\\Database\\Query\\Builder->runSelect()
#4 /home/hyaah/Desktop/laravel-app-collection/sim-siswa-app/vendor/laravel/framework/src/Illuminate/Database/Query/Builder.php(2604): Illuminate\\Database\\Query\\Builder->Illuminate\\Database\\Query\\{closure}()
#5 /home/hyaah/Desktop/laravel-app-collection/sim-siswa-app/vendor/laravel/framework/src/Illuminate/Database/Query/Builder.php(2119): Illuminate\\Database\\Query\\Builder->onceWithColumns()
#6 /home/hyaah/Desktop/laravel-app-collection/sim-siswa-app/vendor/laravel/framework/src/Illuminate/Database/Eloquent/Builder.php(521): Illuminate\\Database\\Query\\Builder->get()
#7 /home/hyaah/Desktop/laravel-app-collection/sim-siswa-app/vendor/laravel/framework/src/Illuminate/Database/Eloquent/Builder.php(505): Illuminate\\Database\\Eloquent\\Builder->getModels()
#8 /home/hyaah/Desktop/laravel-app-collection/sim-siswa-app/vendor/laravel/framework/src/Illuminate/Database/Eloquent/Model.php(462): Illuminate\\Database\\Eloquent\\Builder->get()
#9 /home/hyaah/Desktop/laravel-app-collection/sim-siswa-app/app/Http/Controllers/SiswaController.php(78): Illuminate\\Database\\Eloquent\\Model::all()
#10 [internal function]: App\\Http\\Controllers\\SiswaController->profile()
#11 /home/hyaah/Desktop/laravel-app-collection/sim-siswa-app/vendor/laravel/framework/src/Illuminate/Routing/Controller.php(54): call_user_func_array()
#12 /home/hyaah/Desktop/laravel-app-collection/sim-siswa-app/vendor/laravel/framework/src/Illuminate/Routing/ControllerDispatcher.php(45): Illuminate\\Routing\\Controller->callAction()
#13 /home/hyaah/Desktop/laravel-app-collection/sim-siswa-app/vendor/laravel/framework/src/Illuminate/Routing/Route.php(219): Illuminate\\Routing\\ControllerDispatcher->dispatch()
#14 /home/hyaah/Desktop/laravel-app-collection/sim-siswa-app/vendor/laravel/framework/src/Illuminate/Routing/Route.php(176): Illuminate\\Routing\\Route->runController()
#15 /home/hyaah/Desktop/laravel-app-collection/sim-siswa-app/vendor/laravel/framework/src/Illuminate/Routing/Router.php(680): Illuminate\\Routing\\Route->run()
#16 /home/hyaah/Desktop/laravel-app-collection/sim-siswa-app/vendor/laravel/framework/src/Illuminate/Routing/Pipeline.php(30): Illuminate\\Routing\\Router->Illuminate\\Routing\\{closure}()
#17 /home/hyaah/Desktop/laravel-app-collection/sim-siswa-app/vendor/laravel/framework/src/Illuminate/Routing/Middleware/SubstituteBindings.php(41): Illuminate\\Routing\\Pipeline->Illuminate\\Routing\\{closure}()
#18 /home/hyaah/Desktop/laravel-app-collection/sim-siswa-app/vendor/laravel/framework/src/Illuminate/Pipeline/Pipeline.php(163): Illuminate\\Routing\\Middleware\\SubstituteBindings->handle()
#19 /home/hyaah/Desktop/laravel-app-collection/sim-siswa-app/vendor/laravel/framework/src/Illuminate/Routing/Pipeline.php(53): Illuminate\\Pipeline\\Pipeline->Illuminate\\Pipeline\\{closure}()
#20 /home/hyaah/Desktop/laravel-app-collection/sim-siswa-app/vendor/laravel/framework/src/Illuminate/Auth/Middleware/Authenticate.php(43): Illuminate\\Routing\\Pipeline->Illuminate\\Routing\\{closure}()
#21 /home/hyaah/Desktop/laravel-app-collection/sim-siswa-app/vendor/laravel/framework/src/Illuminate/Pipeline/Pipeline.php(163): Illuminate\\Auth\\Middleware\\Authenticate->handle()
#22 /home/hyaah/Desktop/laravel-app-collection/sim-siswa-app/vendor/laravel/framework/src/Illuminate/Routing/Pipeline.php(53): Illuminate\\Pipeline\\Pipeline->Illuminate\\Pipeline\\{closure}()
#23 /home/hyaah/Desktop/laravel-app-collection/sim-siswa-app/vendor/laravel/framework/src/Illuminate/Foundation/Http/Middleware/VerifyCsrfToken.php(75): Illuminate\\Routing\\Pipeline->Illuminate\\Routing\\{closure}()
#24 /home/hyaah/Desktop/laravel-app-collection/sim-siswa-app/vendor/laravel/framework/src/Illuminate/Pipeline/Pipeline.php(163): Illuminate\\Foundation\\Http\\Middleware\\VerifyCsrfToken->handle()
#25 /home/hyaah/Desktop/laravel-app-collection/sim-siswa-app/vendor/laravel/framework/src/Illuminate/Routing/Pipeline.php(53): Illuminate\\Pipeline\\Pipeline->Illuminate\\Pipeline\\{closure}()
#26 /home/hyaah/Desktop/laravel-app-collection/sim-siswa-app/vendor/laravel/framework/src/Illuminate/View/Middleware/ShareErrorsFromSession.php(49): Illuminate\\Routing\\Pipeline->Illuminate\\Routing\\{closure}()
#27 /home/hyaah/Desktop/laravel-app-collection/sim-siswa-app/vendor/laravel/framework/src/Illuminate/Pipeline/Pipeline.php(163): Illuminate\\View\\Middleware\\ShareErrorsFromSession->handle()
#28 /home/hyaah/Desktop/laravel-app-collection/sim-siswa-app/vendor/laravel/framework/src/Illuminate/Routing/Pipeline.php(53): Illuminate\\Pipeline\\Pipeline->Illuminate\\Pipeline\\{closure}()
#29 /home/hyaah/Desktop/laravel-app-collection/sim-siswa-app/vendor/laravel/framework/src/Illuminate/Session/Middleware/StartSession.php(56): Illuminate\\Routing\\Pipeline->Illuminate\\Routing\\{closure}()
#30 /home/hyaah/Desktop/laravel-app-collection/sim-siswa-app/vendor/laravel/framework/src/Illuminate/Pipeline/Pipeline.php(163): Illuminate\\Session\\Middleware\\StartSession->handle()
#31 /home/hyaah/Desktop/laravel-app-collection/sim-siswa-app/vendor/laravel/framework/src/Illuminate/Routing/Pipeline.php(53): Illuminate\\Pipeline\\Pipeline->Illuminate\\Pipeline\\{closure}()
#32 /home/hyaah/Desktop/laravel-app-collection/sim-siswa-app/vendor/laravel/framework/src/Illuminate/Cookie/Middleware/AddQueuedCookiesToResponse.php(37): Illuminate\\Routing\\Pipeline->Illuminate\\Routing\\{closure}()
#33 /home/hyaah/Desktop/laravel-app-collection/sim-siswa-app/vendor/laravel/framework/src/Illuminate/Pipeline/Pipeline.php(163): Illuminate\\Cookie\\Middleware\\AddQueuedCookiesToResponse->handle()
#34 /home/hyaah/Desktop/laravel-app-collection/sim-siswa-app/vendor/laravel/framework/src/Illuminate/Routing/Pipeline.php(53): Illuminate\\Pipeline\\Pipeline->Illuminate\\Pipeline\\{closure}()
#35 /home/hyaah/Desktop/laravel-app-collection/sim-siswa-app/vendor/laravel/framework/src/Illuminate/Cookie/Middleware/EncryptCookies.php(66): Illuminate\\Routing\\Pipeline->Illuminate\\Routing\\{closure}()
#36 /home/hyaah/Desktop/laravel-app-collection/sim-siswa-app/vendor/laravel/framework/src/Illuminate/Pipeline/Pipeline.php(163): Illuminate\\Cookie\\Middleware\\EncryptCookies->handle()
#37 /home/hyaah/Desktop/laravel-app-collection/sim-siswa-app/vendor/laravel/framework/src/Illuminate/Routing/Pipeline.php(53): Illuminate\\Pipeline\\Pipeline->Illuminate\\Pipeline\\{closure}()
#38 /home/hyaah/Desktop/laravel-app-collection/sim-siswa-app/vendor/laravel/framework/src/Illuminate/Pipeline/Pipeline.php(104): Illuminate\\Routing\\Pipeline->Illuminate\\Routing\\{closure}()
#39 /home/hyaah/Desktop/laravel-app-collection/sim-siswa-app/vendor/laravel/framework/src/Illuminate/Routing/Router.php(682): Illuminate\\Pipeline\\Pipeline->then()
#40 /home/hyaah/Desktop/laravel-app-collection/sim-siswa-app/vendor/laravel/framework/src/Illuminate/Routing/Router.php(657): Illuminate\\Routing\\Router->runRouteWithinStack()
#41 /home/hyaah/Desktop/laravel-app-collection/sim-siswa-app/vendor/laravel/framework/src/Illuminate/Routing/Router.php(623): Illuminate\\Routing\\Router->runRoute()
#42 /home/hyaah/Desktop/laravel-app-collection/sim-siswa-app/vendor/laravel/framework/src/Illuminate/Routing/Router.php(612): Illuminate\\Routing\\Router->dispatchToRoute()
#43 /home/hyaah/Desktop/laravel-app-collection/sim-siswa-app/vendor/laravel/framework/src/Illuminate/Foundation/Http/Kernel.php(176): Illuminate\\Routing\\Router->dispatch()
#44 /home/hyaah/Desktop/laravel-app-collection/sim-siswa-app/vendor/laravel/framework/src/Illuminate/Routing/Pipeline.php(30): Illuminate\\Foundation\\Http\\Kernel->Illuminate\\Foundation\\Http\\{closure}()
#45 /home/hyaah/Desktop/laravel-app-collection/sim-siswa-app/vendor/laravel/framework/src/Illuminate/Foundation/Http/Middleware/TransformsRequest.php(21): Illuminate\\Routing\\Pipeline->Illuminate\\Routing\\{closure}()
#46 /home/hyaah/Desktop/laravel-app-collection/sim-siswa-app/vendor/laravel/framework/src/Illuminate/Pipeline/Pipeline.php(163): Illuminate\\Foundation\\Http\\Middleware\\TransformsRequest->handle()
#47 /home/hyaah/Desktop/laravel-app-collection/sim-siswa-app/vendor/laravel/framework/src/Illuminate/Routing/Pipeline.php(53): Illuminate\\Pipeline\\Pipeline->Illuminate\\Pipeline\\{closure}()
#48 /home/hyaah/Desktop/laravel-app-collection/sim-siswa-app/vendor/laravel/framework/src/Illuminate/Foundation/Http/Middleware/TransformsRequest.php(21): Illuminate\\Routing\\Pipeline->Illuminate\\Routing\\{closure}()
#49 /home/hyaah/Desktop/laravel-app-collection/sim-siswa-app/vendor/laravel/framework/src/Illuminate/Pipeline/Pipeline.php(163): Illuminate\\Foundation\\Http\\Middleware\\TransformsRequest->handle()
#50 /home/hyaah/Desktop/laravel-app-collection/sim-siswa-app/vendor/laravel/framework/src/Illuminate/Routing/Pipeline.php(53): Illuminate\\Pipeline\\Pipeline->Illuminate\\Pipeline\\{closure}()
#51 /home/hyaah/Desktop/laravel-app-collection/sim-siswa-app/vendor/laravel/framework/src/Illuminate/Foundation/Http/Middleware/ValidatePostSize.php(27): Illuminate\\Routing\\Pipeline->Illuminate\\Routing\\{closure}()
#52 /home/hyaah/Desktop/laravel-app-collection/sim-siswa-app/vendor/laravel/framework/src/Illuminate/Pipeline/Pipeline.php(163): Illuminate\\Foundation\\Http\\Middleware\\ValidatePostSize->handle()
#53 /home/hyaah/Desktop/laravel-app-collection/sim-siswa-app/vendor/laravel/framework/src/Illuminate/Routing/Pipeline.php(53): Illuminate\\Pipeline\\Pipeline->Illuminate\\Pipeline\\{closure}()
#54 /home/hyaah/Desktop/laravel-app-collection/sim-siswa-app/vendor/laravel/framework/src/Illuminate/Foundation/Http/Middleware/CheckForMaintenanceMode.php(62): Illuminate\\Routing\\Pipeline->Illuminate\\Routing\\{closure}()
#55 /home/hyaah/Desktop/laravel-app-collection/sim-siswa-app/vendor/laravel/framework/src/Illuminate/Pipeline/Pipeline.php(163): Illuminate\\Foundation\\Http\\Middleware\\CheckForMaintenanceMode->handle()
#56 /home/hyaah/Desktop/laravel-app-collection/sim-siswa-app/vendor/laravel/framework/src/Illuminate/Routing/Pipeline.php(53): Illuminate\\Pipeline\\Pipeline->Illuminate\\Pipeline\\{closure}()
#57 /home/hyaah/Desktop/laravel-app-collection/sim-siswa-app/vendor/fideloper/proxy/src/TrustProxies.php(57): Illuminate\\Routing\\Pipeline->Illuminate\\Routing\\{closure}()
#58 /home/hyaah/Desktop/laravel-app-collection/sim-siswa-app/vendor/laravel/framework/src/Illuminate/Pipeline/Pipeline.php(163): Fideloper\\Proxy\\TrustProxies->handle()
#59 /home/hyaah/Desktop/laravel-app-collection/sim-siswa-app/vendor/laravel/framework/src/Illuminate/Routing/Pipeline.php(53): Illuminate\\Pipeline\\Pipeline->Illuminate\\Pipeline\\{closure}()
#60 /home/hyaah/Desktop/laravel-app-collection/sim-siswa-app/vendor/laravel/framework/src/Illuminate/Pipeline/Pipeline.php(104): Illuminate\\Routing\\Pipeline->Illuminate\\Routing\\{closure}()
#61 /home/hyaah/Desktop/laravel-app-collection/sim-siswa-app/vendor/laravel/framework/src/Illuminate/Foundation/Http/Kernel.php(151): Illuminate\\Pipeline\\Pipeline->then()
#62 /home/hyaah/Desktop/laravel-app-collection/sim-siswa-app/vendor/laravel/framework/src/Illuminate/Foundation/Http/Kernel.php(116): Illuminate\\Foundation\\Http\\Kernel->sendRequestThroughRouter()
#63 /home/hyaah/Desktop/laravel-app-collection/sim-siswa-app/public/index.php(55): Illuminate\\Foundation\\Http\\Kernel->handle()
#64 /home/hyaah/Desktop/laravel-app-collection/sim-siswa-app/server.php(21): require_once('/home/hyaah/Des...')
#65 {main}
"} 
[2020-05-03 15:27:53] local.ERROR: SQLSTATE[42S02]: Base table or view not found: 1146 Table 'laravel_CROT.mapel' doesn't exist (SQL: select * from `mapel`) {"userId":1,"exception":"[object] (Illuminate\\Database\\QueryException(code: 42S02): SQLSTATE[42S02]: Base table or view not found: 1146 Table 'laravel_CROT.mapel' doesn't exist (SQL: select * from `mapel`) at /home/hyaah/Desktop/laravel-app-collection/sim-siswa-app/vendor/laravel/framework/src/Illuminate/Database/Connection.php:664, PDOException(code: 42S02): SQLSTATE[42S02]: Base table or view not found: 1146 Table 'laravel_CROT.mapel' doesn't exist at /home/hyaah/Desktop/laravel-app-collection/sim-siswa-app/vendor/laravel/framework/src/Illuminate/Database/Connection.php:326)
[stacktrace]
#0 /home/hyaah/Desktop/laravel-app-collection/sim-siswa-app/vendor/laravel/framework/src/Illuminate/Database/Connection.php(624): Illuminate\\Database\\Connection->runQueryCallback()
#1 /home/hyaah/Desktop/laravel-app-collection/sim-siswa-app/vendor/laravel/framework/src/Illuminate/Database/Connection.php(333): Illuminate\\Database\\Connection->run()
#2 /home/hyaah/Desktop/laravel-app-collection/sim-siswa-app/vendor/laravel/framework/src/Illuminate/Database/Query/Builder.php(2130): Illuminate\\Database\\Connection->select()
#3 /home/hyaah/Desktop/laravel-app-collection/sim-siswa-app/vendor/laravel/framework/src/Illuminate/Database/Query/Builder.php(2118): Illuminate\\Database\\Query\\Builder->runSelect()
#4 /home/hyaah/Desktop/laravel-app-collection/sim-siswa-app/vendor/laravel/framework/src/Illuminate/Database/Query/Builder.php(2604): Illuminate\\Database\\Query\\Builder->Illuminate\\Database\\Query\\{closure}()
#5 /home/hyaah/Desktop/laravel-app-collection/sim-siswa-app/vendor/laravel/framework/src/Illuminate/Database/Query/Builder.php(2119): Illuminate\\Database\\Query\\Builder->onceWithColumns()
#6 /home/hyaah/Desktop/laravel-app-collection/sim-siswa-app/vendor/laravel/framework/src/Illuminate/Database/Eloquent/Builder.php(521): Illuminate\\Database\\Query\\Builder->get()
#7 /home/hyaah/Desktop/laravel-app-collection/sim-siswa-app/vendor/laravel/framework/src/Illuminate/Database/Eloquent/Builder.php(505): Illuminate\\Database\\Eloquent\\Builder->getModels()
#8 /home/hyaah/Desktop/laravel-app-collection/sim-siswa-app/vendor/laravel/framework/src/Illuminate/Database/Eloquent/Model.php(462): Illuminate\\Database\\Eloquent\\Builder->get()
#9 /home/hyaah/Desktop/laravel-app-collection/sim-siswa-app/app/Http/Controllers/SiswaController.php(78): Illuminate\\Database\\Eloquent\\Model::all()
#10 [internal function]: App\\Http\\Controllers\\SiswaController->profile()
#11 /home/hyaah/Desktop/laravel-app-collection/sim-siswa-app/vendor/laravel/framework/src/Illuminate/Routing/Controller.php(54): call_user_func_array()
#12 /home/hyaah/Desktop/laravel-app-collection/sim-siswa-app/vendor/laravel/framework/src/Illuminate/Routing/ControllerDispatcher.php(45): Illuminate\\Routing\\Controller->callAction()
#13 /home/hyaah/Desktop/laravel-app-collection/sim-siswa-app/vendor/laravel/framework/src/Illuminate/Routing/Route.php(219): Illuminate\\Routing\\ControllerDispatcher->dispatch()
#14 /home/hyaah/Desktop/laravel-app-collection/sim-siswa-app/vendor/laravel/framework/src/Illuminate/Routing/Route.php(176): Illuminate\\Routing\\Route->runController()
#15 /home/hyaah/Desktop/laravel-app-collection/sim-siswa-app/vendor/laravel/framework/src/Illuminate/Routing/Router.php(680): Illuminate\\Routing\\Route->run()
#16 /home/hyaah/Desktop/laravel-app-collection/sim-siswa-app/vendor/laravel/framework/src/Illuminate/Routing/Pipeline.php(30): Illuminate\\Routing\\Router->Illuminate\\Routing\\{closure}()
#17 /home/hyaah/Desktop/laravel-app-collection/sim-siswa-app/vendor/laravel/framework/src/Illuminate/Routing/Middleware/SubstituteBindings.php(41): Illuminate\\Routing\\Pipeline->Illuminate\\Routing\\{closure}()
#18 /home/hyaah/Desktop/laravel-app-collection/sim-siswa-app/vendor/laravel/framework/src/Illuminate/Pipeline/Pipeline.php(163): Illuminate\\Routing\\Middleware\\SubstituteBindings->handle()
#19 /home/hyaah/Desktop/laravel-app-collection/sim-siswa-app/vendor/laravel/framework/src/Illuminate/Routing/Pipeline.php(53): Illuminate\\Pipeline\\Pipeline->Illuminate\\Pipeline\\{closure}()
#20 /home/hyaah/Desktop/laravel-app-collection/sim-siswa-app/vendor/laravel/framework/src/Illuminate/Auth/Middleware/Authenticate.php(43): Illuminate\\Routing\\Pipeline->Illuminate\\Routing\\{closure}()
#21 /home/hyaah/Desktop/laravel-app-collection/sim-siswa-app/vendor/laravel/framework/src/Illuminate/Pipeline/Pipeline.php(163): Illuminate\\Auth\\Middleware\\Authenticate->handle()
#22 /home/hyaah/Desktop/laravel-app-collection/sim-siswa-app/vendor/laravel/framework/src/Illuminate/Routing/Pipeline.php(53): Illuminate\\Pipeline\\Pipeline->Illuminate\\Pipeline\\{closure}()
#23 /home/hyaah/Desktop/laravel-app-collection/sim-siswa-app/vendor/laravel/framework/src/Illuminate/Foundation/Http/Middleware/VerifyCsrfToken.php(75): Illuminate\\Routing\\Pipeline->Illuminate\\Routing\\{closure}()
#24 /home/hyaah/Desktop/laravel-app-collection/sim-siswa-app/vendor/laravel/framework/src/Illuminate/Pipeline/Pipeline.php(163): Illuminate\\Foundation\\Http\\Middleware\\VerifyCsrfToken->handle()
#25 /home/hyaah/Desktop/laravel-app-collection/sim-siswa-app/vendor/laravel/framework/src/Illuminate/Routing/Pipeline.php(53): Illuminate\\Pipeline\\Pipeline->Illuminate\\Pipeline\\{closure}()
#26 /home/hyaah/Desktop/laravel-app-collection/sim-siswa-app/vendor/laravel/framework/src/Illuminate/View/Middleware/ShareErrorsFromSession.php(49): Illuminate\\Routing\\Pipeline->Illuminate\\Routing\\{closure}()
#27 /home/hyaah/Desktop/laravel-app-collection/sim-siswa-app/vendor/laravel/framework/src/Illuminate/Pipeline/Pipeline.php(163): Illuminate\\View\\Middleware\\ShareErrorsFromSession->handle()
#28 /home/hyaah/Desktop/laravel-app-collection/sim-siswa-app/vendor/laravel/framework/src/Illuminate/Routing/Pipeline.php(53): Illuminate\\Pipeline\\Pipeline->Illuminate\\Pipeline\\{closure}()
#29 /home/hyaah/Desktop/laravel-app-collection/sim-siswa-app/vendor/laravel/framework/src/Illuminate/Session/Middleware/StartSession.php(56): Illuminate\\Routing\\Pipeline->Illuminate\\Routing\\{closure}()
#30 /home/hyaah/Desktop/laravel-app-collection/sim-siswa-app/vendor/laravel/framework/src/Illuminate/Pipeline/Pipeline.php(163): Illuminate\\Session\\Middleware\\StartSession->handle()
#31 /home/hyaah/Desktop/laravel-app-collection/sim-siswa-app/vendor/laravel/framework/src/Illuminate/Routing/Pipeline.php(53): Illuminate\\Pipeline\\Pipeline->Illuminate\\Pipeline\\{closure}()
#32 /home/hyaah/Desktop/laravel-app-collection/sim-siswa-app/vendor/laravel/framework/src/Illuminate/Cookie/Middleware/AddQueuedCookiesToResponse.php(37): Illuminate\\Routing\\Pipeline->Illuminate\\Routing\\{closure}()
#33 /home/hyaah/Desktop/laravel-app-collection/sim-siswa-app/vendor/laravel/framework/src/Illuminate/Pipeline/Pipeline.php(163): Illuminate\\Cookie\\Middleware\\AddQueuedCookiesToResponse->handle()
#34 /home/hyaah/Desktop/laravel-app-collection/sim-siswa-app/vendor/laravel/framework/src/Illuminate/Routing/Pipeline.php(53): Illuminate\\Pipeline\\Pipeline->Illuminate\\Pipeline\\{closure}()
#35 /home/hyaah/Desktop/laravel-app-collection/sim-siswa-app/vendor/laravel/framework/src/Illuminate/Cookie/Middleware/EncryptCookies.php(66): Illuminate\\Routing\\Pipeline->Illuminate\\Routing\\{closure}()
#36 /home/hyaah/Desktop/laravel-app-collection/sim-siswa-app/vendor/laravel/framework/src/Illuminate/Pipeline/Pipeline.php(163): Illuminate\\Cookie\\Middleware\\EncryptCookies->handle()
#37 /home/hyaah/Desktop/laravel-app-collection/sim-siswa-app/vendor/laravel/framework/src/Illuminate/Routing/Pipeline.php(53): Illuminate\\Pipeline\\Pipeline->Illuminate\\Pipeline\\{closure}()
#38 /home/hyaah/Desktop/laravel-app-collection/sim-siswa-app/vendor/laravel/framework/src/Illuminate/Pipeline/Pipeline.php(104): Illuminate\\Routing\\Pipeline->Illuminate\\Routing\\{closure}()
#39 /home/hyaah/Desktop/laravel-app-collection/sim-siswa-app/vendor/laravel/framework/src/Illuminate/Routing/Router.php(682): Illuminate\\Pipeline\\Pipeline->then()
#40 /home/hyaah/Desktop/laravel-app-collection/sim-siswa-app/vendor/laravel/framework/src/Illuminate/Routing/Router.php(657): Illuminate\\Routing\\Router->runRouteWithinStack()
#41 /home/hyaah/Desktop/laravel-app-collection/sim-siswa-app/vendor/laravel/framework/src/Illuminate/Routing/Router.php(623): Illuminate\\Routing\\Router->runRoute()
#42 /home/hyaah/Desktop/laravel-app-collection/sim-siswa-app/vendor/laravel/framework/src/Illuminate/Routing/Router.php(612): Illuminate\\Routing\\Router->dispatchToRoute()
#43 /home/hyaah/Desktop/laravel-app-collection/sim-siswa-app/vendor/laravel/framework/src/Illuminate/Foundation/Http/Kernel.php(176): Illuminate\\Routing\\Router->dispatch()
#44 /home/hyaah/Desktop/laravel-app-collection/sim-siswa-app/vendor/laravel/framework/src/Illuminate/Routing/Pipeline.php(30): Illuminate\\Foundation\\Http\\Kernel->Illuminate\\Foundation\\Http\\{closure}()
#45 /home/hyaah/Desktop/laravel-app-collection/sim-siswa-app/vendor/laravel/framework/src/Illuminate/Foundation/Http/Middleware/TransformsRequest.php(21): Illuminate\\Routing\\Pipeline->Illuminate\\Routing\\{closure}()
#46 /home/hyaah/Desktop/laravel-app-collection/sim-siswa-app/vendor/laravel/framework/src/Illuminate/Pipeline/Pipeline.php(163): Illuminate\\Foundation\\Http\\Middleware\\TransformsRequest->handle()
#47 /home/hyaah/Desktop/laravel-app-collection/sim-siswa-app/vendor/laravel/framework/src/Illuminate/Routing/Pipeline.php(53): Illuminate\\Pipeline\\Pipeline->Illuminate\\Pipeline\\{closure}()
#48 /home/hyaah/Desktop/laravel-app-collection/sim-siswa-app/vendor/laravel/framework/src/Illuminate/Foundation/Http/Middleware/TransformsRequest.php(21): Illuminate\\Routing\\Pipeline->Illuminate\\Routing\\{closure}()
#49 /home/hyaah/Desktop/laravel-app-collection/sim-siswa-app/vendor/laravel/framework/src/Illuminate/Pipeline/Pipeline.php(163): Illuminate\\Foundation\\Http\\Middleware\\TransformsRequest->handle()
#50 /home/hyaah/Desktop/laravel-app-collection/sim-siswa-app/vendor/laravel/framework/src/Illuminate/Routing/Pipeline.php(53): Illuminate\\Pipeline\\Pipeline->Illuminate\\Pipeline\\{closure}()
#51 /home/hyaah/Desktop/laravel-app-collection/sim-siswa-app/vendor/laravel/framework/src/Illuminate/Foundation/Http/Middleware/ValidatePostSize.php(27): Illuminate\\Routing\\Pipeline->Illuminate\\Routing\\{closure}()
#52 /home/hyaah/Desktop/laravel-app-collection/sim-siswa-app/vendor/laravel/framework/src/Illuminate/Pipeline/Pipeline.php(163): Illuminate\\Foundation\\Http\\Middleware\\ValidatePostSize->handle()
#53 /home/hyaah/Desktop/laravel-app-collection/sim-siswa-app/vendor/laravel/framework/src/Illuminate/Routing/Pipeline.php(53): Illuminate\\Pipeline\\Pipeline->Illuminate\\Pipeline\\{closure}()
#54 /home/hyaah/Desktop/laravel-app-collection/sim-siswa-app/vendor/laravel/framework/src/Illuminate/Foundation/Http/Middleware/CheckForMaintenanceMode.php(62): Illuminate\\Routing\\Pipeline->Illuminate\\Routing\\{closure}()
#55 /home/hyaah/Desktop/laravel-app-collection/sim-siswa-app/vendor/laravel/framework/src/Illuminate/Pipeline/Pipeline.php(163): Illuminate\\Foundation\\Http\\Middleware\\CheckForMaintenanceMode->handle()
#56 /home/hyaah/Desktop/laravel-app-collection/sim-siswa-app/vendor/laravel/framework/src/Illuminate/Routing/Pipeline.php(53): Illuminate\\Pipeline\\Pipeline->Illuminate\\Pipeline\\{closure}()
#57 /home/hyaah/Desktop/laravel-app-collection/sim-siswa-app/vendor/fideloper/proxy/src/TrustProxies.php(57): Illuminate\\Routing\\Pipeline->Illuminate\\Routing\\{closure}()
#58 /home/hyaah/Desktop/laravel-app-collection/sim-siswa-app/vendor/laravel/framework/src/Illuminate/Pipeline/Pipeline.php(163): Fideloper\\Proxy\\TrustProxies->handle()
#59 /home/hyaah/Desktop/laravel-app-collection/sim-siswa-app/vendor/laravel/framework/src/Illuminate/Routing/Pipeline.php(53): Illuminate\\Pipeline\\Pipeline->Illuminate\\Pipeline\\{closure}()
#60 /home/hyaah/Desktop/laravel-app-collection/sim-siswa-app/vendor/laravel/framework/src/Illuminate/Pipeline/Pipeline.php(104): Illuminate\\Routing\\Pipeline->Illuminate\\Routing\\{closure}()
#61 /home/hyaah/Desktop/laravel-app-collection/sim-siswa-app/vendor/laravel/framework/src/Illuminate/Foundation/Http/Kernel.php(151): Illuminate\\Pipeline\\Pipeline->then()
#62 /home/hyaah/Desktop/laravel-app-collection/sim-siswa-app/vendor/laravel/framework/src/Illuminate/Foundation/Http/Kernel.php(116): Illuminate\\Foundation\\Http\\Kernel->sendRequestThroughRouter()
#63 /home/hyaah/Desktop/laravel-app-collection/sim-siswa-app/public/index.php(55): Illuminate\\Foundation\\Http\\Kernel->handle()
#64 /home/hyaah/Desktop/laravel-app-collection/sim-siswa-app/server.php(21): require_once('/home/hyaah/Des...')
#65 {main}
"} 
[2020-05-03 15:43:34] local.ERROR: SQLSTATE[42S02]: Base table or view not found: 1146 Table 'laravel_CROT.mapel_siswa' doesn't exist (SQL: select `mapel`.*, `mapel_siswa`.`siswa_id` as `pivot_siswa_id`, `mapel_siswa`.`mapel_id` as `pivot_mapel_id`, `mapel_siswa`.`nilai` as `pivot_nilai`, `mapel_siswa`.`created_at` as `pivot_created_at`, `mapel_siswa`.`updated_at` as `pivot_updated_at` from `mapel` inner join `mapel_siswa` on `mapel`.`id` = `mapel_siswa`.`mapel_id` where `mapel_siswa`.`siswa_id` = 1) (View: /home/hyaah/Desktop/laravel-app-collection/sim-siswa-app/resources/views/siswa/profile.blade.php) {"userId":1,"exception":"[object] (ErrorException(code: 0): SQLSTATE[42S02]: Base table or view not found: 1146 Table 'laravel_CROT.mapel_siswa' doesn't exist (SQL: select `mapel`.*, `mapel_siswa`.`siswa_id` as `pivot_siswa_id`, `mapel_siswa`.`mapel_id` as `pivot_mapel_id`, `mapel_siswa`.`nilai` as `pivot_nilai`, `mapel_siswa`.`created_at` as `pivot_created_at`, `mapel_siswa`.`updated_at` as `pivot_updated_at` from `mapel` inner join `mapel_siswa` on `mapel`.`id` = `mapel_siswa`.`mapel_id` where `mapel_siswa`.`siswa_id` = 1) (View: /home/hyaah/Desktop/laravel-app-collection/sim-siswa-app/resources/views/siswa/profile.blade.php) at /home/hyaah/Desktop/laravel-app-collection/sim-siswa-app/vendor/laravel/framework/src/Illuminate/Database/Connection.php:664, Illuminate\\Database\\QueryException(code: 42S02): SQLSTATE[42S02]: Base table or view not found: 1146 Table 'laravel_CROT.mapel_siswa' doesn't exist (SQL: select `mapel`.*, `mapel_siswa`.`siswa_id` as `pivot_siswa_id`, `mapel_siswa`.`mapel_id` as `pivot_mapel_id`, `mapel_siswa`.`nilai` as `pivot_nilai`, `mapel_siswa`.`created_at` as `pivot_created_at`, `mapel_siswa`.`updated_at` as `pivot_updated_at` from `mapel` inner join `mapel_siswa` on `mapel`.`id` = `mapel_siswa`.`mapel_id` where `mapel_siswa`.`siswa_id` = 1) at /home/hyaah/Desktop/laravel-app-collection/sim-siswa-app/vendor/laravel/framework/src/Illuminate/Database/Connection.php:664, PDOException(code: 42S02): SQLSTATE[42S02]: Base table or view not found: 1146 Table 'laravel_CROT.mapel_siswa' doesn't exist at /home/hyaah/Desktop/laravel-app-collection/sim-siswa-app/vendor/laravel/framework/src/Illuminate/Database/Connection.php:326)
[stacktrace]
#0 /home/hyaah/Desktop/laravel-app-collection/sim-siswa-app/vendor/laravel/framework/src/Illuminate/View/Engines/PhpEngine.php(45): Illuminate\\View\\Engines\\CompilerEngine->handleViewException()
#1 /home/hyaah/Desktop/laravel-app-collection/sim-siswa-app/vendor/laravel/framework/src/Illuminate/View/Engines/CompilerEngine.php(59): Illuminate\\View\\Engines\\PhpEngine->evaluatePath()
#2 /home/hyaah/Desktop/laravel-app-collection/sim-siswa-app/vendor/laravel/framework/src/Illuminate/View/View.php(142): Illuminate\\View\\Engines\\CompilerEngine->get()
#3 /home/hyaah/Desktop/laravel-app-collection/sim-siswa-app/vendor/laravel/framework/src/Illuminate/View/View.php(125): Illuminate\\View\\View->getContents()
#4 /home/hyaah/Desktop/laravel-app-collection/sim-siswa-app/vendor/laravel/framework/src/Illuminate/View/View.php(90): Illuminate\\View\\View->renderContents()
#5 /home/hyaah/Desktop/laravel-app-collection/sim-siswa-app/vendor/laravel/framework/src/Illuminate/Http/Response.php(42): Illuminate\\View\\View->render()
#6 /home/hyaah/Desktop/laravel-app-collection/sim-siswa-app/vendor/symfony/http-foundation/Response.php(202): Illuminate\\Http\\Response->setContent()
#7 /home/hyaah/Desktop/laravel-app-collection/sim-siswa-app/vendor/laravel/framework/src/Illuminate/Routing/Router.php(748): Symfony\\Component\\HttpFoundation\\Response->__construct()
#8 /home/hyaah/Desktop/laravel-app-collection/sim-siswa-app/vendor/laravel/framework/src/Illuminate/Routing/Router.php(720): Illuminate\\Routing\\Router::toResponse()
#9 /home/hyaah/Desktop/laravel-app-collection/sim-siswa-app/vendor/laravel/framework/src/Illuminate/Routing/Router.php(680): Illuminate\\Routing\\Router->prepareResponse()
#10 /home/hyaah/Desktop/laravel-app-collection/sim-siswa-app/vendor/laravel/framework/src/Illuminate/Routing/Pipeline.php(30): Illuminate\\Routing\\Router->Illuminate\\Routing\\{closure}()
#11 /home/hyaah/Desktop/laravel-app-collection/sim-siswa-app/vendor/laravel/framework/src/Illuminate/Routing/Middleware/SubstituteBindings.php(41): Illuminate\\Routing\\Pipeline->Illuminate\\Routing\\{closure}()
#12 /home/hyaah/Desktop/laravel-app-collection/sim-siswa-app/vendor/laravel/framework/src/Illuminate/Pipeline/Pipeline.php(163): Illuminate\\Routing\\Middleware\\SubstituteBindings->handle()
#13 /home/hyaah/Desktop/laravel-app-collection/sim-siswa-app/vendor/laravel/framework/src/Illuminate/Routing/Pipeline.php(53): Illuminate\\Pipeline\\Pipeline->Illuminate\\Pipeline\\{closure}()
#14 /home/hyaah/Desktop/laravel-app-collection/sim-siswa-app/vendor/laravel/framework/src/Illuminate/Auth/Middleware/Authenticate.php(43): Illuminate\\Routing\\Pipeline->Illuminate\\Routing\\{closure}()
#15 /home/hyaah/Desktop/laravel-app-collection/sim-siswa-app/vendor/laravel/framework/src/Illuminate/Pipeline/Pipeline.php(163): Illuminate\\Auth\\Middleware\\Authenticate->handle()
#16 /home/hyaah/Desktop/laravel-app-collection/sim-siswa-app/vendor/laravel/framework/src/Illuminate/Routing/Pipeline.php(53): Illuminate\\Pipeline\\Pipeline->Illuminate\\Pipeline\\{closure}()
#17 /home/hyaah/Desktop/laravel-app-collection/sim-siswa-app/vendor/laravel/framework/src/Illuminate/Foundation/Http/Middleware/VerifyCsrfToken.php(75): Illuminate\\Routing\\Pipeline->Illuminate\\Routing\\{closure}()
#18 /home/hyaah/Desktop/laravel-app-collection/sim-siswa-app/vendor/laravel/framework/src/Illuminate/Pipeline/Pipeline.php(163): Illuminate\\Foundation\\Http\\Middleware\\VerifyCsrfToken->handle()
#19 /home/hyaah/Desktop/laravel-app-collection/sim-siswa-app/vendor/laravel/framework/src/Illuminate/Routing/Pipeline.php(53): Illuminate\\Pipeline\\Pipeline->Illuminate\\Pipeline\\{closure}()
#20 /home/hyaah/Desktop/laravel-app-collection/sim-siswa-app/vendor/laravel/framework/src/Illuminate/View/Middleware/ShareErrorsFromSession.php(49): Illuminate\\Routing\\Pipeline->Illuminate\\Routing\\{closure}()
#21 /home/hyaah/Desktop/laravel-app-collection/sim-siswa-app/vendor/laravel/framework/src/Illuminate/Pipeline/Pipeline.php(163): Illuminate\\View\\Middleware\\ShareErrorsFromSession->handle()
#22 /home/hyaah/Desktop/laravel-app-collection/sim-siswa-app/vendor/laravel/framework/src/Illuminate/Routing/Pipeline.php(53): Illuminate\\Pipeline\\Pipeline->Illuminate\\Pipeline\\{closure}()
#23 /home/hyaah/Desktop/laravel-app-collection/sim-siswa-app/vendor/laravel/framework/src/Illuminate/Session/Middleware/StartSession.php(56): Illuminate\\Routing\\Pipeline->Illuminate\\Routing\\{closure}()
#24 /home/hyaah/Desktop/laravel-app-collection/sim-siswa-app/vendor/laravel/framework/src/Illuminate/Pipeline/Pipeline.php(163): Illuminate\\Session\\Middleware\\StartSession->handle()
#25 /home/hyaah/Desktop/laravel-app-collection/sim-siswa-app/vendor/laravel/framework/src/Illuminate/Routing/Pipeline.php(53): Illuminate\\Pipeline\\Pipeline->Illuminate\\Pipeline\\{closure}()
#26 /home/hyaah/Desktop/laravel-app-collection/sim-siswa-app/vendor/laravel/framework/src/Illuminate/Cookie/Middleware/AddQueuedCookiesToResponse.php(37): Illuminate\\Routing\\Pipeline->Illuminate\\Routing\\{closure}()
#27 /home/hyaah/Desktop/laravel-app-collection/sim-siswa-app/vendor/laravel/framework/src/Illuminate/Pipeline/Pipeline.php(163): Illuminate\\Cookie\\Middleware\\AddQueuedCookiesToResponse->handle()
#28 /home/hyaah/Desktop/laravel-app-collection/sim-siswa-app/vendor/laravel/framework/src/Illuminate/Routing/Pipeline.php(53): Illuminate\\Pipeline\\Pipeline->Illuminate\\Pipeline\\{closure}()
#29 /home/hyaah/Desktop/laravel-app-collection/sim-siswa-app/vendor/laravel/framework/src/Illuminate/Cookie/Middleware/EncryptCookies.php(66): Illuminate\\Routing\\Pipeline->Illuminate\\Routing\\{closure}()
#30 /home/hyaah/Desktop/laravel-app-collection/sim-siswa-app/vendor/laravel/framework/src/Illuminate/Pipeline/Pipeline.php(163): Illuminate\\Cookie\\Middleware\\EncryptCookies->handle()
#31 /home/hyaah/Desktop/laravel-app-collection/sim-siswa-app/vendor/laravel/framework/src/Illuminate/Routing/Pipeline.php(53): Illuminate\\Pipeline\\Pipeline->Illuminate\\Pipeline\\{closure}()
#32 /home/hyaah/Desktop/laravel-app-collection/sim-siswa-app/vendor/laravel/framework/src/Illuminate/Pipeline/Pipeline.php(104): Illuminate\\Routing\\Pipeline->Illuminate\\Routing\\{closure}()
#33 /home/hyaah/Desktop/laravel-app-collection/sim-siswa-app/vendor/laravel/framework/src/Illuminate/Routing/Router.php(682): Illuminate\\Pipeline\\Pipeline->then()
#34 /home/hyaah/Desktop/laravel-app-collection/sim-siswa-app/vendor/laravel/framework/src/Illuminate/Routing/Router.php(657): Illuminate\\Routing\\Router->runRouteWithinStack()
#35 /home/hyaah/Desktop/laravel-app-collection/sim-siswa-app/vendor/laravel/framework/src/Illuminate/Routing/Router.php(623): Illuminate\\Routing\\Router->runRoute()
#36 /home/hyaah/Desktop/laravel-app-collection/sim-siswa-app/vendor/laravel/framework/src/Illuminate/Routing/Router.php(612): Illuminate\\Routing\\Router->dispatchToRoute()
#37 /home/hyaah/Desktop/laravel-app-collection/sim-siswa-app/vendor/laravel/framework/src/Illuminate/Foundation/Http/Kernel.php(176): Illuminate\\Routing\\Router->dispatch()
#38 /home/hyaah/Desktop/laravel-app-collection/sim-siswa-app/vendor/laravel/framework/src/Illuminate/Routing/Pipeline.php(30): Illuminate\\Foundation\\Http\\Kernel->Illuminate\\Foundation\\Http\\{closure}()
#39 /home/hyaah/Desktop/laravel-app-collection/sim-siswa-app/vendor/laravel/framework/src/Illuminate/Foundation/Http/Middleware/TransformsRequest.php(21): Illuminate\\Routing\\Pipeline->Illuminate\\Routing\\{closure}()
#40 /home/hyaah/Desktop/laravel-app-collection/sim-siswa-app/vendor/laravel/framework/src/Illuminate/Pipeline/Pipeline.php(163): Illuminate\\Foundation\\Http\\Middleware\\TransformsRequest->handle()
#41 /home/hyaah/Desktop/laravel-app-collection/sim-siswa-app/vendor/laravel/framework/src/Illuminate/Routing/Pipeline.php(53): Illuminate\\Pipeline\\Pipeline->Illuminate\\Pipeline\\{closure}()
#42 /home/hyaah/Desktop/laravel-app-collection/sim-siswa-app/vendor/laravel/framework/src/Illuminate/Foundation/Http/Middleware/TransformsRequest.php(21): Illuminate\\Routing\\Pipeline->Illuminate\\Routing\\{closure}()
#43 /home/hyaah/Desktop/laravel-app-collection/sim-siswa-app/vendor/laravel/framework/src/Illuminate/Pipeline/Pipeline.php(163): Illuminate\\Foundation\\Http\\Middleware\\TransformsRequest->handle()
#44 /home/hyaah/Desktop/laravel-app-collection/sim-siswa-app/vendor/laravel/framework/src/Illuminate/Routing/Pipeline.php(53): Illuminate\\Pipeline\\Pipeline->Illuminate\\Pipeline\\{closure}()
#45 /home/hyaah/Desktop/laravel-app-collection/sim-siswa-app/vendor/laravel/framework/src/Illuminate/Foundation/Http/Middleware/ValidatePostSize.php(27): Illuminate\\Routing\\Pipeline->Illuminate\\Routing\\{closure}()
#46 /home/hyaah/Desktop/laravel-app-collection/sim-siswa-app/vendor/laravel/framework/src/Illuminate/Pipeline/Pipeline.php(163): Illuminate\\Foundation\\Http\\Middleware\\ValidatePostSize->handle()
#47 /home/hyaah/Desktop/laravel-app-collection/sim-siswa-app/vendor/laravel/framework/src/Illuminate/Routing/Pipeline.php(53): Illuminate\\Pipeline\\Pipeline->Illuminate\\Pipeline\\{closure}()
#48 /home/hyaah/Desktop/laravel-app-collection/sim-siswa-app/vendor/laravel/framework/src/Illuminate/Foundation/Http/Middleware/CheckForMaintenanceMode.php(62): Illuminate\\Routing\\Pipeline->Illuminate\\Routing\\{closure}()
#49 /home/hyaah/Desktop/laravel-app-collection/sim-siswa-app/vendor/laravel/framework/src/Illuminate/Pipeline/Pipeline.php(163): Illuminate\\Foundation\\Http\\Middleware\\CheckForMaintenanceMode->handle()
#50 /home/hyaah/Desktop/laravel-app-collection/sim-siswa-app/vendor/laravel/framework/src/Illuminate/Routing/Pipeline.php(53): Illuminate\\Pipeline\\Pipeline->Illuminate\\Pipeline\\{closure}()
#51 /home/hyaah/Desktop/laravel-app-collection/sim-siswa-app/vendor/fideloper/proxy/src/TrustProxies.php(57): Illuminate\\Routing\\Pipeline->Illuminate\\Routing\\{closure}()
#52 /home/hyaah/Desktop/laravel-app-collection/sim-siswa-app/vendor/laravel/framework/src/Illuminate/Pipeline/Pipeline.php(163): Fideloper\\Proxy\\TrustProxies->handle()
#53 /home/hyaah/Desktop/laravel-app-collection/sim-siswa-app/vendor/laravel/framework/src/Illuminate/Routing/Pipeline.php(53): Illuminate\\Pipeline\\Pipeline->Illuminate\\Pipeline\\{closure}()
#54 /home/hyaah/Desktop/laravel-app-collection/sim-siswa-app/vendor/laravel/framework/src/Illuminate/Pipeline/Pipeline.php(104): Illuminate\\Routing\\Pipeline->Illuminate\\Routing\\{closure}()
#55 /home/hyaah/Desktop/laravel-app-collection/sim-siswa-app/vendor/laravel/framework/src/Illuminate/Foundation/Http/Kernel.php(151): Illuminate\\Pipeline\\Pipeline->then()
#56 /home/hyaah/Desktop/laravel-app-collection/sim-siswa-app/vendor/laravel/framework/src/Illuminate/Foundation/Http/Kernel.php(116): Illuminate\\Foundation\\Http\\Kernel->sendRequestThroughRouter()
#57 /home/hyaah/Desktop/laravel-app-collection/sim-siswa-app/public/index.php(55): Illuminate\\Foundation\\Http\\Kernel->handle()
#58 /home/hyaah/Desktop/laravel-app-collection/sim-siswa-app/server.php(21): require_once('/home/hyaah/Des...')
#59 {main}
"} 
