[2020-05-04 00:09:53] local.ERROR: SQLSTATE[42S22]: Column not found: 1054 Unknown column 'user_id' in 'field list' (SQL: insert into `siswa` (`nama_depan`, `nama_belakang`, `jenis_kelamin`, `agama`, `alamat`, `user_id`, `updated_at`, `created_at`) values (joejoedohmu, kococ, L, Islam, jln. jalan, 2, 2020-05-04 00:09:53, 2020-05-04 00:09:53)) {"userId":1,"exception":"[object] (Illuminate\\Database\\QueryException(code: 42S22): SQLSTATE[42S22]: Column not found: 1054 Unknown column 'user_id' in 'field list' (SQL: insert into `siswa` (`nama_depan`, `nama_belakang`, `jenis_kelamin`, `agama`, `alamat`, `user_id`, `updated_at`, `created_at`) values (joejoedohmu, kococ, L, Islam, jln. jalan, 2, 2020-05-04 00:09:53, 2020-05-04 00:09:53)) at /home/hyaah/Desktop/laravel-app-collection/sim-siswa-app/vendor/laravel/framework/src/Illuminate/Database/Connection.php:664, Doctrine\\DBAL\\Driver\\PDOException(code: 42S22): SQLSTATE[42S22]: Column not found: 1054 Unknown column 'user_id' in 'field list' at /home/hyaah/Desktop/laravel-app-collection/sim-siswa-app/vendor/doctrine/dbal/lib/Doctrine/DBAL/Driver/PDOConnection.php:66, PDOException(code: 42S22): SQLSTATE[42S22]: Column not found: 1054 Unknown column 'user_id' in 'field list' at /home/hyaah/Desktop/laravel-app-collection/sim-siswa-app/vendor/doctrine/dbal/lib/Doctrine/DBAL/Driver/PDOConnection.php:64)
[stacktrace]
#0 /home/hyaah/Desktop/laravel-app-collection/sim-siswa-app/vendor/laravel/framework/src/Illuminate/Database/Connection.php(624): Illuminate\\Database\\Connection->runQueryCallback()
#1 /home/hyaah/Desktop/laravel-app-collection/sim-siswa-app/vendor/laravel/framework/src/Illuminate/Database/Connection.php(459): Illuminate\\Database\\Connection->run()
#2 /home/hyaah/Desktop/laravel-app-collection/sim-siswa-app/vendor/laravel/framework/src/Illuminate/Database/Connection.php(411): Illuminate\\Database\\Connection->statement()
#3 /home/hyaah/Desktop/laravel-app-collection/sim-siswa-app/vendor/laravel/framework/src/Illuminate/Database/Query/Processors/Processor.php(32): Illuminate\\Database\\Connection->insert()
#4 /home/hyaah/Desktop/laravel-app-collection/sim-siswa-app/vendor/laravel/framework/src/Illuminate/Database/Query/Builder.php(2690): Illuminate\\Database\\Query\\Processors\\Processor->processInsertGetId()
#5 /home/hyaah/Desktop/laravel-app-collection/sim-siswa-app/vendor/laravel/framework/src/Illuminate/Database/Eloquent/Builder.php(1353): Illuminate\\Database\\Query\\Builder->insertGetId()
#6 /home/hyaah/Desktop/laravel-app-collection/sim-siswa-app/vendor/laravel/framework/src/Illuminate/Database/Eloquent/Model.php(839): Illuminate\\Database\\Eloquent\\Builder->__call()
#7 /home/hyaah/Desktop/laravel-app-collection/sim-siswa-app/vendor/laravel/framework/src/Illuminate/Database/Eloquent/Model.php(804): Illuminate\\Database\\Eloquent\\Model->insertAndSetId()
#8 /home/hyaah/Desktop/laravel-app-collection/sim-siswa-app/vendor/laravel/framework/src/Illuminate/Database/Eloquent/Model.php(667): Illuminate\\Database\\Eloquent\\Model->performInsert()
#9 /home/hyaah/Desktop/laravel-app-collection/sim-siswa-app/vendor/laravel/framework/src/Illuminate/Database/Eloquent/Builder.php(795): Illuminate\\Database\\Eloquent\\Model->save()
#10 /home/hyaah/Desktop/laravel-app-collection/sim-siswa-app/vendor/laravel/framework/src/Illuminate/Support/helpers.php(1124): Illuminate\\Database\\Eloquent\\Builder->Illuminate\\Database\\Eloquent\\{closure}()
#11 /home/hyaah/Desktop/laravel-app-collection/sim-siswa-app/vendor/laravel/framework/src/Illuminate/Database/Eloquent/Builder.php(796): tap()
#12 /home/hyaah/Desktop/laravel-app-collection/sim-siswa-app/vendor/laravel/framework/src/Illuminate/Support/Traits/ForwardsCalls.php(23): Illuminate\\Database\\Eloquent\\Builder->create()
#13 /home/hyaah/Desktop/laravel-app-collection/sim-siswa-app/vendor/laravel/framework/src/Illuminate/Database/Eloquent/Model.php(1618): Illuminate\\Database\\Eloquent\\Model->forwardCallTo()
#14 /home/hyaah/Desktop/laravel-app-collection/sim-siswa-app/vendor/laravel/framework/src/Illuminate/Database/Eloquent/Model.php(1630): Illuminate\\Database\\Eloquent\\Model->__call()
#15 /home/hyaah/Desktop/laravel-app-collection/sim-siswa-app/app/Http/Controllers/SiswaController.php(46): Illuminate\\Database\\Eloquent\\Model::__callStatic()
#16 [internal function]: App\\Http\\Controllers\\SiswaController->insert()
#17 /home/hyaah/Desktop/laravel-app-collection/sim-siswa-app/vendor/laravel/framework/src/Illuminate/Routing/Controller.php(54): call_user_func_array()
#18 /home/hyaah/Desktop/laravel-app-collection/sim-siswa-app/vendor/laravel/framework/src/Illuminate/Routing/ControllerDispatcher.php(45): Illuminate\\Routing\\Controller->callAction()
#19 /home/hyaah/Desktop/laravel-app-collection/sim-siswa-app/vendor/laravel/framework/src/Illuminate/Routing/Route.php(219): Illuminate\\Routing\\ControllerDispatcher->dispatch()
#20 /home/hyaah/Desktop/laravel-app-collection/sim-siswa-app/vendor/laravel/framework/src/Illuminate/Routing/Route.php(176): Illuminate\\Routing\\Route->runController()
#21 /home/hyaah/Desktop/laravel-app-collection/sim-siswa-app/vendor/laravel/framework/src/Illuminate/Routing/Router.php(680): Illuminate\\Routing\\Route->run()
#22 /home/hyaah/Desktop/laravel-app-collection/sim-siswa-app/vendor/laravel/framework/src/Illuminate/Routing/Pipeline.php(30): Illuminate\\Routing\\Router->Illuminate\\Routing\\{closure}()
#23 /home/hyaah/Desktop/laravel-app-collection/sim-siswa-app/vendor/laravel/framework/src/Illuminate/Routing/Middleware/SubstituteBindings.php(41): Illuminate\\Routing\\Pipeline->Illuminate\\Routing\\{closure}()
#24 /home/hyaah/Desktop/laravel-app-collection/sim-siswa-app/vendor/laravel/framework/src/Illuminate/Pipeline/Pipeline.php(163): Illuminate\\Routing\\Middleware\\SubstituteBindings->handle()
#25 /home/hyaah/Desktop/laravel-app-collection/sim-siswa-app/vendor/laravel/framework/src/Illuminate/Routing/Pipeline.php(53): Illuminate\\Pipeline\\Pipeline->Illuminate\\Pipeline\\{closure}()
#26 /home/hyaah/Desktop/laravel-app-collection/sim-siswa-app/vendor/laravel/framework/src/Illuminate/Auth/Middleware/Authenticate.php(43): Illuminate\\Routing\\Pipeline->Illuminate\\Routing\\{closure}()
#27 /home/hyaah/Desktop/laravel-app-collection/sim-siswa-app/vendor/laravel/framework/src/Illuminate/Pipeline/Pipeline.php(163): Illuminate\\Auth\\Middleware\\Authenticate->handle()
#28 /home/hyaah/Desktop/laravel-app-collection/sim-siswa-app/vendor/laravel/framework/src/Illuminate/Routing/Pipeline.php(53): Illuminate\\Pipeline\\Pipeline->Illuminate\\Pipeline\\{closure}()
#29 /home/hyaah/Desktop/laravel-app-collection/sim-siswa-app/vendor/laravel/framework/src/Illuminate/Foundation/Http/Middleware/VerifyCsrfToken.php(75): Illuminate\\Routing\\Pipeline->Illuminate\\Routing\\{closure}()
#30 /home/hyaah/Desktop/laravel-app-collection/sim-siswa-app/vendor/laravel/framework/src/Illuminate/Pipeline/Pipeline.php(163): Illuminate\\Foundation\\Http\\Middleware\\VerifyCsrfToken->handle()
#31 /home/hyaah/Desktop/laravel-app-collection/sim-siswa-app/vendor/laravel/framework/src/Illuminate/Routing/Pipeline.php(53): Illuminate\\Pipeline\\Pipeline->Illuminate\\Pipeline\\{closure}()
#32 /home/hyaah/Desktop/laravel-app-collection/sim-siswa-app/vendor/laravel/framework/src/Illuminate/View/Middleware/ShareErrorsFromSession.php(49): Illuminate\\Routing\\Pipeline->Illuminate\\Routing\\{closure}()
#33 /home/hyaah/Desktop/laravel-app-collection/sim-siswa-app/vendor/laravel/framework/src/Illuminate/Pipeline/Pipeline.php(163): Illuminate\\View\\Middleware\\ShareErrorsFromSession->handle()
#34 /home/hyaah/Desktop/laravel-app-collection/sim-siswa-app/vendor/laravel/framework/src/Illuminate/Routing/Pipeline.php(53): Illuminate\\Pipeline\\Pipeline->Illuminate\\Pipeline\\{closure}()
#35 /home/hyaah/Desktop/laravel-app-collection/sim-siswa-app/vendor/laravel/framework/src/Illuminate/Session/Middleware/StartSession.php(56): Illuminate\\Routing\\Pipeline->Illuminate\\Routing\\{closure}()
#36 /home/hyaah/Desktop/laravel-app-collection/sim-siswa-app/vendor/laravel/framework/src/Illuminate/Pipeline/Pipeline.php(163): Illuminate\\Session\\Middleware\\StartSession->handle()
#37 /home/hyaah/Desktop/laravel-app-collection/sim-siswa-app/vendor/laravel/framework/src/Illuminate/Routing/Pipeline.php(53): Illuminate\\Pipeline\\Pipeline->Illuminate\\Pipeline\\{closure}()
#38 /home/hyaah/Desktop/laravel-app-collection/sim-siswa-app/vendor/laravel/framework/src/Illuminate/Cookie/Middleware/AddQueuedCookiesToResponse.php(37): Illuminate\\Routing\\Pipeline->Illuminate\\Routing\\{closure}()
#39 /home/hyaah/Desktop/laravel-app-collection/sim-siswa-app/vendor/laravel/framework/src/Illuminate/Pipeline/Pipeline.php(163): Illuminate\\Cookie\\Middleware\\AddQueuedCookiesToResponse->handle()
#40 /home/hyaah/Desktop/laravel-app-collection/sim-siswa-app/vendor/laravel/framework/src/Illuminate/Routing/Pipeline.php(53): Illuminate\\Pipeline\\Pipeline->Illuminate\\Pipeline\\{closure}()
#41 /home/hyaah/Desktop/laravel-app-collection/sim-siswa-app/vendor/laravel/framework/src/Illuminate/Cookie/Middleware/EncryptCookies.php(66): Illuminate\\Routing\\Pipeline->Illuminate\\Routing\\{closure}()
#42 /home/hyaah/Desktop/laravel-app-collection/sim-siswa-app/vendor/laravel/framework/src/Illuminate/Pipeline/Pipeline.php(163): Illuminate\\Cookie\\Middleware\\EncryptCookies->handle()
#43 /home/hyaah/Desktop/laravel-app-collection/sim-siswa-app/vendor/laravel/framework/src/Illuminate/Routing/Pipeline.php(53): Illuminate\\Pipeline\\Pipeline->Illuminate\\Pipeline\\{closure}()
#44 /home/hyaah/Desktop/laravel-app-collection/sim-siswa-app/vendor/laravel/framework/src/Illuminate/Pipeline/Pipeline.php(104): Illuminate\\Routing\\Pipeline->Illuminate\\Routing\\{closure}()
#45 /home/hyaah/Desktop/laravel-app-collection/sim-siswa-app/vendor/laravel/framework/src/Illuminate/Routing/Router.php(682): Illuminate\\Pipeline\\Pipeline->then()
#46 /home/hyaah/Desktop/laravel-app-collection/sim-siswa-app/vendor/laravel/framework/src/Illuminate/Routing/Router.php(657): Illuminate\\Routing\\Router->runRouteWithinStack()
#47 /home/hyaah/Desktop/laravel-app-collection/sim-siswa-app/vendor/laravel/framework/src/Illuminate/Routing/Router.php(623): Illuminate\\Routing\\Router->runRoute()
#48 /home/hyaah/Desktop/laravel-app-collection/sim-siswa-app/vendor/laravel/framework/src/Illuminate/Routing/Router.php(612): Illuminate\\Routing\\Router->dispatchToRoute()
#49 /home/hyaah/Desktop/laravel-app-collection/sim-siswa-app/vendor/laravel/framework/src/Illuminate/Foundation/Http/Kernel.php(176): Illuminate\\Routing\\Router->dispatch()
#50 /home/hyaah/Desktop/laravel-app-collection/sim-siswa-app/vendor/laravel/framework/src/Illuminate/Routing/Pipeline.php(30): Illuminate\\Foundation\\Http\\Kernel->Illuminate\\Foundation\\Http\\{closure}()
#51 /home/hyaah/Desktop/laravel-app-collection/sim-siswa-app/vendor/laravel/framework/src/Illuminate/Foundation/Http/Middleware/TransformsRequest.php(21): Illuminate\\Routing\\Pipeline->Illuminate\\Routing\\{closure}()
#52 /home/hyaah/Desktop/laravel-app-collection/sim-siswa-app/vendor/laravel/framework/src/Illuminate/Pipeline/Pipeline.php(163): Illuminate\\Foundation\\Http\\Middleware\\TransformsRequest->handle()
#53 /home/hyaah/Desktop/laravel-app-collection/sim-siswa-app/vendor/laravel/framework/src/Illuminate/Routing/Pipeline.php(53): Illuminate\\Pipeline\\Pipeline->Illuminate\\Pipeline\\{closure}()
#54 /home/hyaah/Desktop/laravel-app-collection/sim-siswa-app/vendor/laravel/framework/src/Illuminate/Foundation/Http/Middleware/TransformsRequest.php(21): Illuminate\\Routing\\Pipeline->Illuminate\\Routing\\{closure}()
#55 /home/hyaah/Desktop/laravel-app-collection/sim-siswa-app/vendor/laravel/framework/src/Illuminate/Pipeline/Pipeline.php(163): Illuminate\\Foundation\\Http\\Middleware\\TransformsRequest->handle()
#56 /home/hyaah/Desktop/laravel-app-collection/sim-siswa-app/vendor/laravel/framework/src/Illuminate/Routing/Pipeline.php(53): Illuminate\\Pipeline\\Pipeline->Illuminate\\Pipeline\\{closure}()
#57 /home/hyaah/Desktop/laravel-app-collection/sim-siswa-app/vendor/laravel/framework/src/Illuminate/Foundation/Http/Middleware/ValidatePostSize.php(27): Illuminate\\Routing\\Pipeline->Illuminate\\Routing\\{closure}()
#58 /home/hyaah/Desktop/laravel-app-collection/sim-siswa-app/vendor/laravel/framework/src/Illuminate/Pipeline/Pipeline.php(163): Illuminate\\Foundation\\Http\\Middleware\\ValidatePostSize->handle()
#59 /home/hyaah/Desktop/laravel-app-collection/sim-siswa-app/vendor/laravel/framework/src/Illuminate/Routing/Pipeline.php(53): Illuminate\\Pipeline\\Pipeline->Illuminate\\Pipeline\\{closure}()
#60 /home/hyaah/Desktop/laravel-app-collection/sim-siswa-app/vendor/laravel/framework/src/Illuminate/Foundation/Http/Middleware/CheckForMaintenanceMode.php(62): Illuminate\\Routing\\Pipeline->Illuminate\\Routing\\{closure}()
#61 /home/hyaah/Desktop/laravel-app-collection/sim-siswa-app/vendor/laravel/framework/src/Illuminate/Pipeline/Pipeline.php(163): Illuminate\\Foundation\\Http\\Middleware\\CheckForMaintenanceMode->handle()
#62 /home/hyaah/Desktop/laravel-app-collection/sim-siswa-app/vendor/laravel/framework/src/Illuminate/Routing/Pipeline.php(53): Illuminate\\Pipeline\\Pipeline->Illuminate\\Pipeline\\{closure}()
#63 /home/hyaah/Desktop/laravel-app-collection/sim-siswa-app/vendor/fideloper/proxy/src/TrustProxies.php(57): Illuminate\\Routing\\Pipeline->Illuminate\\Routing\\{closure}()
#64 /home/hyaah/Desktop/laravel-app-collection/sim-siswa-app/vendor/laravel/framework/src/Illuminate/Pipeline/Pipeline.php(163): Fideloper\\Proxy\\TrustProxies->handle()
#65 /home/hyaah/Desktop/laravel-app-collection/sim-siswa-app/vendor/laravel/framework/src/Illuminate/Routing/Pipeline.php(53): Illuminate\\Pipeline\\Pipeline->Illuminate\\Pipeline\\{closure}()
#66 /home/hyaah/Desktop/laravel-app-collection/sim-siswa-app/vendor/laravel/framework/src/Illuminate/Pipeline/Pipeline.php(104): Illuminate\\Routing\\Pipeline->Illuminate\\Routing\\{closure}()
#67 /home/hyaah/Desktop/laravel-app-collection/sim-siswa-app/vendor/laravel/framework/src/Illuminate/Foundation/Http/Kernel.php(151): Illuminate\\Pipeline\\Pipeline->then()
#68 /home/hyaah/Desktop/laravel-app-collection/sim-siswa-app/vendor/laravel/framework/src/Illuminate/Foundation/Http/Kernel.php(116): Illuminate\\Foundation\\Http\\Kernel->sendRequestThroughRouter()
#69 /home/hyaah/Desktop/laravel-app-collection/sim-siswa-app/public/index.php(55): Illuminate\\Foundation\\Http\\Kernel->handle()
#70 /home/hyaah/Desktop/laravel-app-collection/sim-siswa-app/server.php(21): require_once('/home/hyaah/Des...')
#71 {main}
"} 
[2020-05-04 00:14:49] local.ERROR: SQLSTATE[HY000]: General error: 1364 Field 'siswa_id' doesn't have a default value (SQL: insert into `siswa` (`nama_depan`, `nama_belakang`, `jenis_kelamin`, `agama`, `alamat`, `updated_at`, `created_at`) values (n4bao9tbEA, vLv1bbvSmw, YHGum0G7m1, CPTNON, yZeiyioDOFrDGap2IBgzoqTBk, 2020-05-04 00:14:49, 2020-05-04 00:14:49)) {"exception":"[object] (Illuminate\\Database\\QueryException(code: HY000): SQLSTATE[HY000]: General error: 1364 Field 'siswa_id' doesn't have a default value (SQL: insert into `siswa` (`nama_depan`, `nama_belakang`, `jenis_kelamin`, `agama`, `alamat`, `updated_at`, `created_at`) values (n4bao9tbEA, vLv1bbvSmw, YHGum0G7m1, CPTNON, yZeiyioDOFrDGap2IBgzoqTBk, 2020-05-04 00:14:49, 2020-05-04 00:14:49)) at /home/hyaah/Desktop/laravel-app-collection/sim-siswa-app/vendor/laravel/framework/src/Illuminate/Database/Connection.php:664, Doctrine\\DBAL\\Driver\\PDOException(code: HY000): SQLSTATE[HY000]: General error: 1364 Field 'siswa_id' doesn't have a default value at /home/hyaah/Desktop/laravel-app-collection/sim-siswa-app/vendor/doctrine/dbal/lib/Doctrine/DBAL/Driver/PDOStatement.php:129, PDOException(code: HY000): SQLSTATE[HY000]: General error: 1364 Field 'siswa_id' doesn't have a default value at /home/hyaah/Desktop/laravel-app-collection/sim-siswa-app/vendor/doctrine/dbal/lib/Doctrine/DBAL/Driver/PDOStatement.php:127)
[stacktrace]
#0 /home/hyaah/Desktop/laravel-app-collection/sim-siswa-app/vendor/laravel/framework/src/Illuminate/Database/Connection.php(624): Illuminate\\Database\\Connection->runQueryCallback()
#1 /home/hyaah/Desktop/laravel-app-collection/sim-siswa-app/vendor/laravel/framework/src/Illuminate/Database/Connection.php(459): Illuminate\\Database\\Connection->run()
#2 /home/hyaah/Desktop/laravel-app-collection/sim-siswa-app/vendor/laravel/framework/src/Illuminate/Database/Connection.php(411): Illuminate\\Database\\Connection->statement()
#3 /home/hyaah/Desktop/laravel-app-collection/sim-siswa-app/vendor/laravel/framework/src/Illuminate/Database/Query/Processors/Processor.php(32): Illuminate\\Database\\Connection->insert()
#4 /home/hyaah/Desktop/laravel-app-collection/sim-siswa-app/vendor/laravel/framework/src/Illuminate/Database/Query/Builder.php(2690): Illuminate\\Database\\Query\\Processors\\Processor->processInsertGetId()
#5 /home/hyaah/Desktop/laravel-app-collection/sim-siswa-app/vendor/laravel/framework/src/Illuminate/Database/Eloquent/Builder.php(1353): Illuminate\\Database\\Query\\Builder->insertGetId()
#6 /home/hyaah/Desktop/laravel-app-collection/sim-siswa-app/vendor/laravel/framework/src/Illuminate/Database/Eloquent/Model.php(839): Illuminate\\Database\\Eloquent\\Builder->__call()
#7 /home/hyaah/Desktop/laravel-app-collection/sim-siswa-app/vendor/laravel/framework/src/Illuminate/Database/Eloquent/Model.php(804): Illuminate\\Database\\Eloquent\\Model->insertAndSetId()
#8 /home/hyaah/Desktop/laravel-app-collection/sim-siswa-app/vendor/laravel/framework/src/Illuminate/Database/Eloquent/Model.php(667): Illuminate\\Database\\Eloquent\\Model->performInsert()
#9 /home/hyaah/Desktop/laravel-app-collection/sim-siswa-app/vendor/laravel/framework/src/Illuminate/Database/Eloquent/Builder.php(795): Illuminate\\Database\\Eloquent\\Model->save()
#10 /home/hyaah/Desktop/laravel-app-collection/sim-siswa-app/vendor/laravel/framework/src/Illuminate/Support/helpers.php(1124): Illuminate\\Database\\Eloquent\\Builder->Illuminate\\Database\\Eloquent\\{closure}()
#11 /home/hyaah/Desktop/laravel-app-collection/sim-siswa-app/vendor/laravel/framework/src/Illuminate/Database/Eloquent/Builder.php(796): tap()
#12 /home/hyaah/Desktop/laravel-app-collection/sim-siswa-app/vendor/laravel/framework/src/Illuminate/Support/Traits/ForwardsCalls.php(23): Illuminate\\Database\\Eloquent\\Builder->create()
#13 /home/hyaah/Desktop/laravel-app-collection/sim-siswa-app/vendor/laravel/framework/src/Illuminate/Database/Eloquent/Model.php(1618): Illuminate\\Database\\Eloquent\\Model->forwardCallTo()
#14 /home/hyaah/Desktop/laravel-app-collection/sim-siswa-app/vendor/laravel/framework/src/Illuminate/Database/Eloquent/Model.php(1630): Illuminate\\Database\\Eloquent\\Model->__call()
#15 /home/hyaah/Desktop/laravel-app-collection/sim-siswa-app/database/seeds/siswaseeder.php(21): Illuminate\\Database\\Eloquent\\Model::__callStatic()
#16 [internal function]: siswaseeder->run()
#17 /home/hyaah/Desktop/laravel-app-collection/sim-siswa-app/vendor/laravel/framework/src/Illuminate/Container/BoundMethod.php(32): call_user_func_array()
#18 /home/hyaah/Desktop/laravel-app-collection/sim-siswa-app/vendor/laravel/framework/src/Illuminate/Container/BoundMethod.php(90): Illuminate\\Container\\BoundMethod::Illuminate\\Container\\{closure}()
#19 /home/hyaah/Desktop/laravel-app-collection/sim-siswa-app/vendor/laravel/framework/src/Illuminate/Container/BoundMethod.php(34): Illuminate\\Container\\BoundMethod::callBoundMethod()
#20 /home/hyaah/Desktop/laravel-app-collection/sim-siswa-app/vendor/laravel/framework/src/Illuminate/Container/Container.php(576): Illuminate\\Container\\BoundMethod::call()
#21 /home/hyaah/Desktop/laravel-app-collection/sim-siswa-app/vendor/laravel/framework/src/Illuminate/Database/Seeder.php(124): Illuminate\\Container\\Container->call()
#22 /home/hyaah/Desktop/laravel-app-collection/sim-siswa-app/vendor/laravel/framework/src/Illuminate/Database/Seeder.php(44): Illuminate\\Database\\Seeder->__invoke()
#23 /home/hyaah/Desktop/laravel-app-collection/sim-siswa-app/database/seeds/DatabaseSeeder.php(15): Illuminate\\Database\\Seeder->call()
#24 [internal function]: DatabaseSeeder->run()
#25 /home/hyaah/Desktop/laravel-app-collection/sim-siswa-app/vendor/laravel/framework/src/Illuminate/Container/BoundMethod.php(32): call_user_func_array()
#26 /home/hyaah/Desktop/laravel-app-collection/sim-siswa-app/vendor/laravel/framework/src/Illuminate/Container/BoundMethod.php(90): Illuminate\\Container\\BoundMethod::Illuminate\\Container\\{closure}()
#27 /home/hyaah/Desktop/laravel-app-collection/sim-siswa-app/vendor/laravel/framework/src/Illuminate/Container/BoundMethod.php(34): Illuminate\\Container\\BoundMethod::callBoundMethod()
#28 /home/hyaah/Desktop/laravel-app-collection/sim-siswa-app/vendor/laravel/framework/src/Illuminate/Container/Container.php(576): Illuminate\\Container\\BoundMethod::call()
#29 /home/hyaah/Desktop/laravel-app-collection/sim-siswa-app/vendor/laravel/framework/src/Illuminate/Database/Seeder.php(124): Illuminate\\Container\\Container->call()
#30 /home/hyaah/Desktop/laravel-app-collection/sim-siswa-app/vendor/laravel/framework/src/Illuminate/Database/Console/Seeds/SeedCommand.php(63): Illuminate\\Database\\Seeder->__invoke()
#31 /home/hyaah/Desktop/laravel-app-collection/sim-siswa-app/vendor/laravel/framework/src/Illuminate/Database/Eloquent/Concerns/GuardsAttributes.php(122): Illuminate\\Database\\Console\\Seeds\\SeedCommand->Illuminate\\Database\\Console\\Seeds\\{closure}()
#32 /home/hyaah/Desktop/laravel-app-collection/sim-siswa-app/vendor/laravel/framework/src/Illuminate/Database/Console/Seeds/SeedCommand.php(64): Illuminate\\Database\\Eloquent\\Model::unguarded()
#33 [internal function]: Illuminate\\Database\\Console\\Seeds\\SeedCommand->handle()
#34 /home/hyaah/Desktop/laravel-app-collection/sim-siswa-app/vendor/laravel/framework/src/Illuminate/Container/BoundMethod.php(32): call_user_func_array()
#35 /home/hyaah/Desktop/laravel-app-collection/sim-siswa-app/vendor/laravel/framework/src/Illuminate/Container/BoundMethod.php(90): Illuminate\\Container\\BoundMethod::Illuminate\\Container\\{closure}()
#36 /home/hyaah/Desktop/laravel-app-collection/sim-siswa-app/vendor/laravel/framework/src/Illuminate/Container/BoundMethod.php(34): Illuminate\\Container\\BoundMethod::callBoundMethod()
#37 /home/hyaah/Desktop/laravel-app-collection/sim-siswa-app/vendor/laravel/framework/src/Illuminate/Container/Container.php(576): Illuminate\\Container\\BoundMethod::call()
#38 /home/hyaah/Desktop/laravel-app-collection/sim-siswa-app/vendor/laravel/framework/src/Illuminate/Console/Command.php(183): Illuminate\\Container\\Container->call()
#39 /home/hyaah/Desktop/laravel-app-collection/sim-siswa-app/vendor/symfony/console/Command/Command.php(255): Illuminate\\Console\\Command->execute()
#40 /home/hyaah/Desktop/laravel-app-collection/sim-siswa-app/vendor/laravel/framework/src/Illuminate/Console/Command.php(170): Symfony\\Component\\Console\\Command\\Command->run()
#41 /home/hyaah/Desktop/laravel-app-collection/sim-siswa-app/vendor/laravel/framework/src/Illuminate/Console/Command.php(198): Illuminate\\Console\\Command->run()
#42 /home/hyaah/Desktop/laravel-app-collection/sim-siswa-app/vendor/laravel/framework/src/Illuminate/Database/Console/Migrations/RefreshCommand.php(126): Illuminate\\Console\\Command->call()
#43 /home/hyaah/Desktop/laravel-app-collection/sim-siswa-app/vendor/laravel/framework/src/Illuminate/Database/Console/Migrations/RefreshCommand.php(67): Illuminate\\Database\\Console\\Migrations\\RefreshCommand->runSeeder()
#44 [internal function]: Illuminate\\Database\\Console\\Migrations\\RefreshCommand->handle()
#45 /home/hyaah/Desktop/laravel-app-collection/sim-siswa-app/vendor/laravel/framework/src/Illuminate/Container/BoundMethod.php(32): call_user_func_array()
#46 /home/hyaah/Desktop/laravel-app-collection/sim-siswa-app/vendor/laravel/framework/src/Illuminate/Container/BoundMethod.php(90): Illuminate\\Container\\BoundMethod::Illuminate\\Container\\{closure}()
#47 /home/hyaah/Desktop/laravel-app-collection/sim-siswa-app/vendor/laravel/framework/src/Illuminate/Container/BoundMethod.php(34): Illuminate\\Container\\BoundMethod::callBoundMethod()
#48 /home/hyaah/Desktop/laravel-app-collection/sim-siswa-app/vendor/laravel/framework/src/Illuminate/Container/Container.php(576): Illuminate\\Container\\BoundMethod::call()
#49 /home/hyaah/Desktop/laravel-app-collection/sim-siswa-app/vendor/laravel/framework/src/Illuminate/Console/Command.php(183): Illuminate\\Container\\Container->call()
#50 /home/hyaah/Desktop/laravel-app-collection/sim-siswa-app/vendor/symfony/console/Command/Command.php(255): Illuminate\\Console\\Command->execute()
#51 /home/hyaah/Desktop/laravel-app-collection/sim-siswa-app/vendor/laravel/framework/src/Illuminate/Console/Command.php(170): Symfony\\Component\\Console\\Command\\Command->run()
#52 /home/hyaah/Desktop/laravel-app-collection/sim-siswa-app/vendor/symfony/console/Application.php(1011): Illuminate\\Console\\Command->run()
#53 /home/hyaah/Desktop/laravel-app-collection/sim-siswa-app/vendor/symfony/console/Application.php(272): Symfony\\Component\\Console\\Application->doRunCommand()
#54 /home/hyaah/Desktop/laravel-app-collection/sim-siswa-app/vendor/symfony/console/Application.php(148): Symfony\\Component\\Console\\Application->doRun()
#55 /home/hyaah/Desktop/laravel-app-collection/sim-siswa-app/vendor/laravel/framework/src/Illuminate/Console/Application.php(90): Symfony\\Component\\Console\\Application->run()
#56 /home/hyaah/Desktop/laravel-app-collection/sim-siswa-app/vendor/laravel/framework/src/Illuminate/Foundation/Console/Kernel.php(133): Illuminate\\Console\\Application->run()
#57 /home/hyaah/Desktop/laravel-app-collection/sim-siswa-app/artisan(37): Illuminate\\Foundation\\Console\\Kernel->handle()
#58 {main}
"} 
[2020-05-04 00:57:19] local.ERROR: SQLSTATE[42S22]: Column not found: 1054 Unknown column 'user_id' in 'field list' (SQL: insert into `siswa` (`nama_depan`, `nama_belakang`, `jenis_kelamin`, `agama`, `alamat`, `user_id`, `updated_at`, `created_at`) values (joejoedohmu, kococ, L, Islam, jln. jalan, 2, 2020-05-04 00:57:19, 2020-05-04 00:57:19)) {"userId":1,"exception":"[object] (Illuminate\\Database\\QueryException(code: 42S22): SQLSTATE[42S22]: Column not found: 1054 Unknown column 'user_id' in 'field list' (SQL: insert into `siswa` (`nama_depan`, `nama_belakang`, `jenis_kelamin`, `agama`, `alamat`, `user_id`, `updated_at`, `created_at`) values (joejoedohmu, kococ, L, Islam, jln. jalan, 2, 2020-05-04 00:57:19, 2020-05-04 00:57:19)) at /home/hyaah/Desktop/laravel-app-collection/sim-siswa-app/vendor/laravel/framework/src/Illuminate/Database/Connection.php:664, Doctrine\\DBAL\\Driver\\PDOException(code: 42S22): SQLSTATE[42S22]: Column not found: 1054 Unknown column 'user_id' in 'field list' at /home/hyaah/Desktop/laravel-app-collection/sim-siswa-app/vendor/doctrine/dbal/lib/Doctrine/DBAL/Driver/PDOConnection.php:66, PDOException(code: 42S22): SQLSTATE[42S22]: Column not found: 1054 Unknown column 'user_id' in 'field list' at /home/hyaah/Desktop/laravel-app-collection/sim-siswa-app/vendor/doctrine/dbal/lib/Doctrine/DBAL/Driver/PDOConnection.php:64)
[stacktrace]
#0 /home/hyaah/Desktop/laravel-app-collection/sim-siswa-app/vendor/laravel/framework/src/Illuminate/Database/Connection.php(624): Illuminate\\Database\\Connection->runQueryCallback()
#1 /home/hyaah/Desktop/laravel-app-collection/sim-siswa-app/vendor/laravel/framework/src/Illuminate/Database/Connection.php(459): Illuminate\\Database\\Connection->run()
#2 /home/hyaah/Desktop/laravel-app-collection/sim-siswa-app/vendor/laravel/framework/src/Illuminate/Database/Connection.php(411): Illuminate\\Database\\Connection->statement()
#3 /home/hyaah/Desktop/laravel-app-collection/sim-siswa-app/vendor/laravel/framework/src/Illuminate/Database/Query/Processors/Processor.php(32): Illuminate\\Database\\Connection->insert()
#4 /home/hyaah/Desktop/laravel-app-collection/sim-siswa-app/vendor/laravel/framework/src/Illuminate/Database/Query/Builder.php(2690): Illuminate\\Database\\Query\\Processors\\Processor->processInsertGetId()
#5 /home/hyaah/Desktop/laravel-app-collection/sim-siswa-app/vendor/laravel/framework/src/Illuminate/Database/Eloquent/Builder.php(1353): Illuminate\\Database\\Query\\Builder->insertGetId()
#6 /home/hyaah/Desktop/laravel-app-collection/sim-siswa-app/vendor/laravel/framework/src/Illuminate/Database/Eloquent/Model.php(839): Illuminate\\Database\\Eloquent\\Builder->__call()
#7 /home/hyaah/Desktop/laravel-app-collection/sim-siswa-app/vendor/laravel/framework/src/Illuminate/Database/Eloquent/Model.php(804): Illuminate\\Database\\Eloquent\\Model->insertAndSetId()
#8 /home/hyaah/Desktop/laravel-app-collection/sim-siswa-app/vendor/laravel/framework/src/Illuminate/Database/Eloquent/Model.php(667): Illuminate\\Database\\Eloquent\\Model->performInsert()
#9 /home/hyaah/Desktop/laravel-app-collection/sim-siswa-app/vendor/laravel/framework/src/Illuminate/Database/Eloquent/Builder.php(795): Illuminate\\Database\\Eloquent\\Model->save()
#10 /home/hyaah/Desktop/laravel-app-collection/sim-siswa-app/vendor/laravel/framework/src/Illuminate/Support/helpers.php(1124): Illuminate\\Database\\Eloquent\\Builder->Illuminate\\Database\\Eloquent\\{closure}()
#11 /home/hyaah/Desktop/laravel-app-collection/sim-siswa-app/vendor/laravel/framework/src/Illuminate/Database/Eloquent/Builder.php(796): tap()
#12 /home/hyaah/Desktop/laravel-app-collection/sim-siswa-app/vendor/laravel/framework/src/Illuminate/Support/Traits/ForwardsCalls.php(23): Illuminate\\Database\\Eloquent\\Builder->create()
#13 /home/hyaah/Desktop/laravel-app-collection/sim-siswa-app/vendor/laravel/framework/src/Illuminate/Database/Eloquent/Model.php(1618): Illuminate\\Database\\Eloquent\\Model->forwardCallTo()
#14 /home/hyaah/Desktop/laravel-app-collection/sim-siswa-app/vendor/laravel/framework/src/Illuminate/Database/Eloquent/Model.php(1630): Illuminate\\Database\\Eloquent\\Model->__call()
#15 /home/hyaah/Desktop/laravel-app-collection/sim-siswa-app/app/Http/Controllers/SiswaController.php(46): Illuminate\\Database\\Eloquent\\Model::__callStatic()
#16 [internal function]: App\\Http\\Controllers\\SiswaController->insert()
#17 /home/hyaah/Desktop/laravel-app-collection/sim-siswa-app/vendor/laravel/framework/src/Illuminate/Routing/Controller.php(54): call_user_func_array()
#18 /home/hyaah/Desktop/laravel-app-collection/sim-siswa-app/vendor/laravel/framework/src/Illuminate/Routing/ControllerDispatcher.php(45): Illuminate\\Routing\\Controller->callAction()
#19 /home/hyaah/Desktop/laravel-app-collection/sim-siswa-app/vendor/laravel/framework/src/Illuminate/Routing/Route.php(219): Illuminate\\Routing\\ControllerDispatcher->dispatch()
#20 /home/hyaah/Desktop/laravel-app-collection/sim-siswa-app/vendor/laravel/framework/src/Illuminate/Routing/Route.php(176): Illuminate\\Routing\\Route->runController()
#21 /home/hyaah/Desktop/laravel-app-collection/sim-siswa-app/vendor/laravel/framework/src/Illuminate/Routing/Router.php(680): Illuminate\\Routing\\Route->run()
#22 /home/hyaah/Desktop/laravel-app-collection/sim-siswa-app/vendor/laravel/framework/src/Illuminate/Routing/Pipeline.php(30): Illuminate\\Routing\\Router->Illuminate\\Routing\\{closure}()
#23 /home/hyaah/Desktop/laravel-app-collection/sim-siswa-app/vendor/laravel/framework/src/Illuminate/Routing/Middleware/SubstituteBindings.php(41): Illuminate\\Routing\\Pipeline->Illuminate\\Routing\\{closure}()
#24 /home/hyaah/Desktop/laravel-app-collection/sim-siswa-app/vendor/laravel/framework/src/Illuminate/Pipeline/Pipeline.php(163): Illuminate\\Routing\\Middleware\\SubstituteBindings->handle()
#25 /home/hyaah/Desktop/laravel-app-collection/sim-siswa-app/vendor/laravel/framework/src/Illuminate/Routing/Pipeline.php(53): Illuminate\\Pipeline\\Pipeline->Illuminate\\Pipeline\\{closure}()
#26 /home/hyaah/Desktop/laravel-app-collection/sim-siswa-app/vendor/laravel/framework/src/Illuminate/Auth/Middleware/Authenticate.php(43): Illuminate\\Routing\\Pipeline->Illuminate\\Routing\\{closure}()
#27 /home/hyaah/Desktop/laravel-app-collection/sim-siswa-app/vendor/laravel/framework/src/Illuminate/Pipeline/Pipeline.php(163): Illuminate\\Auth\\Middleware\\Authenticate->handle()
#28 /home/hyaah/Desktop/laravel-app-collection/sim-siswa-app/vendor/laravel/framework/src/Illuminate/Routing/Pipeline.php(53): Illuminate\\Pipeline\\Pipeline->Illuminate\\Pipeline\\{closure}()
#29 /home/hyaah/Desktop/laravel-app-collection/sim-siswa-app/vendor/laravel/framework/src/Illuminate/Foundation/Http/Middleware/VerifyCsrfToken.php(75): Illuminate\\Routing\\Pipeline->Illuminate\\Routing\\{closure}()
#30 /home/hyaah/Desktop/laravel-app-collection/sim-siswa-app/vendor/laravel/framework/src/Illuminate/Pipeline/Pipeline.php(163): Illuminate\\Foundation\\Http\\Middleware\\VerifyCsrfToken->handle()
#31 /home/hyaah/Desktop/laravel-app-collection/sim-siswa-app/vendor/laravel/framework/src/Illuminate/Routing/Pipeline.php(53): Illuminate\\Pipeline\\Pipeline->Illuminate\\Pipeline\\{closure}()
#32 /home/hyaah/Desktop/laravel-app-collection/sim-siswa-app/vendor/laravel/framework/src/Illuminate/View/Middleware/ShareErrorsFromSession.php(49): Illuminate\\Routing\\Pipeline->Illuminate\\Routing\\{closure}()
#33 /home/hyaah/Desktop/laravel-app-collection/sim-siswa-app/vendor/laravel/framework/src/Illuminate/Pipeline/Pipeline.php(163): Illuminate\\View\\Middleware\\ShareErrorsFromSession->handle()
#34 /home/hyaah/Desktop/laravel-app-collection/sim-siswa-app/vendor/laravel/framework/src/Illuminate/Routing/Pipeline.php(53): Illuminate\\Pipeline\\Pipeline->Illuminate\\Pipeline\\{closure}()
#35 /home/hyaah/Desktop/laravel-app-collection/sim-siswa-app/vendor/laravel/framework/src/Illuminate/Session/Middleware/StartSession.php(56): Illuminate\\Routing\\Pipeline->Illuminate\\Routing\\{closure}()
#36 /home/hyaah/Desktop/laravel-app-collection/sim-siswa-app/vendor/laravel/framework/src/Illuminate/Pipeline/Pipeline.php(163): Illuminate\\Session\\Middleware\\StartSession->handle()
#37 /home/hyaah/Desktop/laravel-app-collection/sim-siswa-app/vendor/laravel/framework/src/Illuminate/Routing/Pipeline.php(53): Illuminate\\Pipeline\\Pipeline->Illuminate\\Pipeline\\{closure}()
#38 /home/hyaah/Desktop/laravel-app-collection/sim-siswa-app/vendor/laravel/framework/src/Illuminate/Cookie/Middleware/AddQueuedCookiesToResponse.php(37): Illuminate\\Routing\\Pipeline->Illuminate\\Routing\\{closure}()
#39 /home/hyaah/Desktop/laravel-app-collection/sim-siswa-app/vendor/laravel/framework/src/Illuminate/Pipeline/Pipeline.php(163): Illuminate\\Cookie\\Middleware\\AddQueuedCookiesToResponse->handle()
#40 /home/hyaah/Desktop/laravel-app-collection/sim-siswa-app/vendor/laravel/framework/src/Illuminate/Routing/Pipeline.php(53): Illuminate\\Pipeline\\Pipeline->Illuminate\\Pipeline\\{closure}()
#41 /home/hyaah/Desktop/laravel-app-collection/sim-siswa-app/vendor/laravel/framework/src/Illuminate/Cookie/Middleware/EncryptCookies.php(66): Illuminate\\Routing\\Pipeline->Illuminate\\Routing\\{closure}()
#42 /home/hyaah/Desktop/laravel-app-collection/sim-siswa-app/vendor/laravel/framework/src/Illuminate/Pipeline/Pipeline.php(163): Illuminate\\Cookie\\Middleware\\EncryptCookies->handle()
#43 /home/hyaah/Desktop/laravel-app-collection/sim-siswa-app/vendor/laravel/framework/src/Illuminate/Routing/Pipeline.php(53): Illuminate\\Pipeline\\Pipeline->Illuminate\\Pipeline\\{closure}()
#44 /home/hyaah/Desktop/laravel-app-collection/sim-siswa-app/vendor/laravel/framework/src/Illuminate/Pipeline/Pipeline.php(104): Illuminate\\Routing\\Pipeline->Illuminate\\Routing\\{closure}()
#45 /home/hyaah/Desktop/laravel-app-collection/sim-siswa-app/vendor/laravel/framework/src/Illuminate/Routing/Router.php(682): Illuminate\\Pipeline\\Pipeline->then()
#46 /home/hyaah/Desktop/laravel-app-collection/sim-siswa-app/vendor/laravel/framework/src/Illuminate/Routing/Router.php(657): Illuminate\\Routing\\Router->runRouteWithinStack()
#47 /home/hyaah/Desktop/laravel-app-collection/sim-siswa-app/vendor/laravel/framework/src/Illuminate/Routing/Router.php(623): Illuminate\\Routing\\Router->runRoute()
#48 /home/hyaah/Desktop/laravel-app-collection/sim-siswa-app/vendor/laravel/framework/src/Illuminate/Routing/Router.php(612): Illuminate\\Routing\\Router->dispatchToRoute()
#49 /home/hyaah/Desktop/laravel-app-collection/sim-siswa-app/vendor/laravel/framework/src/Illuminate/Foundation/Http/Kernel.php(176): Illuminate\\Routing\\Router->dispatch()
#50 /home/hyaah/Desktop/laravel-app-collection/sim-siswa-app/vendor/laravel/framework/src/Illuminate/Routing/Pipeline.php(30): Illuminate\\Foundation\\Http\\Kernel->Illuminate\\Foundation\\Http\\{closure}()
#51 /home/hyaah/Desktop/laravel-app-collection/sim-siswa-app/vendor/laravel/framework/src/Illuminate/Foundation/Http/Middleware/TransformsRequest.php(21): Illuminate\\Routing\\Pipeline->Illuminate\\Routing\\{closure}()
#52 /home/hyaah/Desktop/laravel-app-collection/sim-siswa-app/vendor/laravel/framework/src/Illuminate/Pipeline/Pipeline.php(163): Illuminate\\Foundation\\Http\\Middleware\\TransformsRequest->handle()
#53 /home/hyaah/Desktop/laravel-app-collection/sim-siswa-app/vendor/laravel/framework/src/Illuminate/Routing/Pipeline.php(53): Illuminate\\Pipeline\\Pipeline->Illuminate\\Pipeline\\{closure}()
#54 /home/hyaah/Desktop/laravel-app-collection/sim-siswa-app/vendor/laravel/framework/src/Illuminate/Foundation/Http/Middleware/TransformsRequest.php(21): Illuminate\\Routing\\Pipeline->Illuminate\\Routing\\{closure}()
#55 /home/hyaah/Desktop/laravel-app-collection/sim-siswa-app/vendor/laravel/framework/src/Illuminate/Pipeline/Pipeline.php(163): Illuminate\\Foundation\\Http\\Middleware\\TransformsRequest->handle()
#56 /home/hyaah/Desktop/laravel-app-collection/sim-siswa-app/vendor/laravel/framework/src/Illuminate/Routing/Pipeline.php(53): Illuminate\\Pipeline\\Pipeline->Illuminate\\Pipeline\\{closure}()
#57 /home/hyaah/Desktop/laravel-app-collection/sim-siswa-app/vendor/laravel/framework/src/Illuminate/Foundation/Http/Middleware/ValidatePostSize.php(27): Illuminate\\Routing\\Pipeline->Illuminate\\Routing\\{closure}()
#58 /home/hyaah/Desktop/laravel-app-collection/sim-siswa-app/vendor/laravel/framework/src/Illuminate/Pipeline/Pipeline.php(163): Illuminate\\Foundation\\Http\\Middleware\\ValidatePostSize->handle()
#59 /home/hyaah/Desktop/laravel-app-collection/sim-siswa-app/vendor/laravel/framework/src/Illuminate/Routing/Pipeline.php(53): Illuminate\\Pipeline\\Pipeline->Illuminate\\Pipeline\\{closure}()
#60 /home/hyaah/Desktop/laravel-app-collection/sim-siswa-app/vendor/laravel/framework/src/Illuminate/Foundation/Http/Middleware/CheckForMaintenanceMode.php(62): Illuminate\\Routing\\Pipeline->Illuminate\\Routing\\{closure}()
#61 /home/hyaah/Desktop/laravel-app-collection/sim-siswa-app/vendor/laravel/framework/src/Illuminate/Pipeline/Pipeline.php(163): Illuminate\\Foundation\\Http\\Middleware\\CheckForMaintenanceMode->handle()
#62 /home/hyaah/Desktop/laravel-app-collection/sim-siswa-app/vendor/laravel/framework/src/Illuminate/Routing/Pipeline.php(53): Illuminate\\Pipeline\\Pipeline->Illuminate\\Pipeline\\{closure}()
#63 /home/hyaah/Desktop/laravel-app-collection/sim-siswa-app/vendor/fideloper/proxy/src/TrustProxies.php(57): Illuminate\\Routing\\Pipeline->Illuminate\\Routing\\{closure}()
#64 /home/hyaah/Desktop/laravel-app-collection/sim-siswa-app/vendor/laravel/framework/src/Illuminate/Pipeline/Pipeline.php(163): Fideloper\\Proxy\\TrustProxies->handle()
#65 /home/hyaah/Desktop/laravel-app-collection/sim-siswa-app/vendor/laravel/framework/src/Illuminate/Routing/Pipeline.php(53): Illuminate\\Pipeline\\Pipeline->Illuminate\\Pipeline\\{closure}()
#66 /home/hyaah/Desktop/laravel-app-collection/sim-siswa-app/vendor/laravel/framework/src/Illuminate/Pipeline/Pipeline.php(104): Illuminate\\Routing\\Pipeline->Illuminate\\Routing\\{closure}()
#67 /home/hyaah/Desktop/laravel-app-collection/sim-siswa-app/vendor/laravel/framework/src/Illuminate/Foundation/Http/Kernel.php(151): Illuminate\\Pipeline\\Pipeline->then()
#68 /home/hyaah/Desktop/laravel-app-collection/sim-siswa-app/vendor/laravel/framework/src/Illuminate/Foundation/Http/Kernel.php(116): Illuminate\\Foundation\\Http\\Kernel->sendRequestThroughRouter()
#69 /home/hyaah/Desktop/laravel-app-collection/sim-siswa-app/public/index.php(55): Illuminate\\Foundation\\Http\\Kernel->handle()
#70 /home/hyaah/Desktop/laravel-app-collection/sim-siswa-app/server.php(21): require_once('/home/hyaah/Des...')
#71 {main}
"} 
[2020-05-04 01:48:52] local.ERROR: SQLSTATE[42S22]: Column not found: 1054 Unknown column 'user_id' in 'field list' (SQL: insert into `siswa` (`nama_depan`, `nama_belakang`, `jenis_kelamin`, `agama`, `alamat`, `user_id`, `updated_at`, `created_at`) values (coegceoeg, cococ, L, islam, jln. halan, 4, 2020-05-04 01:48:52, 2020-05-04 01:48:52)) {"userId":1,"exception":"[object] (Illuminate\\Database\\QueryException(code: 42S22): SQLSTATE[42S22]: Column not found: 1054 Unknown column 'user_id' in 'field list' (SQL: insert into `siswa` (`nama_depan`, `nama_belakang`, `jenis_kelamin`, `agama`, `alamat`, `user_id`, `updated_at`, `created_at`) values (coegceoeg, cococ, L, islam, jln. halan, 4, 2020-05-04 01:48:52, 2020-05-04 01:48:52)) at /home/hyaah/Desktop/laravel-app-collection/sim-siswa-app/vendor/laravel/framework/src/Illuminate/Database/Connection.php:664, Doctrine\\DBAL\\Driver\\PDOException(code: 42S22): SQLSTATE[42S22]: Column not found: 1054 Unknown column 'user_id' in 'field list' at /home/hyaah/Desktop/laravel-app-collection/sim-siswa-app/vendor/doctrine/dbal/lib/Doctrine/DBAL/Driver/PDOConnection.php:66, PDOException(code: 42S22): SQLSTATE[42S22]: Column not found: 1054 Unknown column 'user_id' in 'field list' at /home/hyaah/Desktop/laravel-app-collection/sim-siswa-app/vendor/doctrine/dbal/lib/Doctrine/DBAL/Driver/PDOConnection.php:64)
[stacktrace]
#0 /home/hyaah/Desktop/laravel-app-collection/sim-siswa-app/vendor/laravel/framework/src/Illuminate/Database/Connection.php(624): Illuminate\\Database\\Connection->runQueryCallback()
#1 /home/hyaah/Desktop/laravel-app-collection/sim-siswa-app/vendor/laravel/framework/src/Illuminate/Database/Connection.php(459): Illuminate\\Database\\Connection->run()
#2 /home/hyaah/Desktop/laravel-app-collection/sim-siswa-app/vendor/laravel/framework/src/Illuminate/Database/Connection.php(411): Illuminate\\Database\\Connection->statement()
#3 /home/hyaah/Desktop/laravel-app-collection/sim-siswa-app/vendor/laravel/framework/src/Illuminate/Database/Query/Processors/Processor.php(32): Illuminate\\Database\\Connection->insert()
#4 /home/hyaah/Desktop/laravel-app-collection/sim-siswa-app/vendor/laravel/framework/src/Illuminate/Database/Query/Builder.php(2690): Illuminate\\Database\\Query\\Processors\\Processor->processInsertGetId()
#5 /home/hyaah/Desktop/laravel-app-collection/sim-siswa-app/vendor/laravel/framework/src/Illuminate/Database/Eloquent/Builder.php(1353): Illuminate\\Database\\Query\\Builder->insertGetId()
#6 /home/hyaah/Desktop/laravel-app-collection/sim-siswa-app/vendor/laravel/framework/src/Illuminate/Database/Eloquent/Model.php(839): Illuminate\\Database\\Eloquent\\Builder->__call()
#7 /home/hyaah/Desktop/laravel-app-collection/sim-siswa-app/vendor/laravel/framework/src/Illuminate/Database/Eloquent/Model.php(804): Illuminate\\Database\\Eloquent\\Model->insertAndSetId()
#8 /home/hyaah/Desktop/laravel-app-collection/sim-siswa-app/vendor/laravel/framework/src/Illuminate/Database/Eloquent/Model.php(667): Illuminate\\Database\\Eloquent\\Model->performInsert()
#9 /home/hyaah/Desktop/laravel-app-collection/sim-siswa-app/vendor/laravel/framework/src/Illuminate/Database/Eloquent/Builder.php(795): Illuminate\\Database\\Eloquent\\Model->save()
#10 /home/hyaah/Desktop/laravel-app-collection/sim-siswa-app/vendor/laravel/framework/src/Illuminate/Support/helpers.php(1124): Illuminate\\Database\\Eloquent\\Builder->Illuminate\\Database\\Eloquent\\{closure}()
#11 /home/hyaah/Desktop/laravel-app-collection/sim-siswa-app/vendor/laravel/framework/src/Illuminate/Database/Eloquent/Builder.php(796): tap()
#12 /home/hyaah/Desktop/laravel-app-collection/sim-siswa-app/vendor/laravel/framework/src/Illuminate/Support/Traits/ForwardsCalls.php(23): Illuminate\\Database\\Eloquent\\Builder->create()
#13 /home/hyaah/Desktop/laravel-app-collection/sim-siswa-app/vendor/laravel/framework/src/Illuminate/Database/Eloquent/Model.php(1618): Illuminate\\Database\\Eloquent\\Model->forwardCallTo()
#14 /home/hyaah/Desktop/laravel-app-collection/sim-siswa-app/vendor/laravel/framework/src/Illuminate/Database/Eloquent/Model.php(1630): Illuminate\\Database\\Eloquent\\Model->__call()
#15 /home/hyaah/Desktop/laravel-app-collection/sim-siswa-app/app/Http/Controllers/SiswaController.php(46): Illuminate\\Database\\Eloquent\\Model::__callStatic()
#16 [internal function]: App\\Http\\Controllers\\SiswaController->insert()
#17 /home/hyaah/Desktop/laravel-app-collection/sim-siswa-app/vendor/laravel/framework/src/Illuminate/Routing/Controller.php(54): call_user_func_array()
#18 /home/hyaah/Desktop/laravel-app-collection/sim-siswa-app/vendor/laravel/framework/src/Illuminate/Routing/ControllerDispatcher.php(45): Illuminate\\Routing\\Controller->callAction()
#19 /home/hyaah/Desktop/laravel-app-collection/sim-siswa-app/vendor/laravel/framework/src/Illuminate/Routing/Route.php(219): Illuminate\\Routing\\ControllerDispatcher->dispatch()
#20 /home/hyaah/Desktop/laravel-app-collection/sim-siswa-app/vendor/laravel/framework/src/Illuminate/Routing/Route.php(176): Illuminate\\Routing\\Route->runController()
#21 /home/hyaah/Desktop/laravel-app-collection/sim-siswa-app/vendor/laravel/framework/src/Illuminate/Routing/Router.php(680): Illuminate\\Routing\\Route->run()
#22 /home/hyaah/Desktop/laravel-app-collection/sim-siswa-app/vendor/laravel/framework/src/Illuminate/Routing/Pipeline.php(30): Illuminate\\Routing\\Router->Illuminate\\Routing\\{closure}()
#23 /home/hyaah/Desktop/laravel-app-collection/sim-siswa-app/vendor/laravel/framework/src/Illuminate/Routing/Middleware/SubstituteBindings.php(41): Illuminate\\Routing\\Pipeline->Illuminate\\Routing\\{closure}()
#24 /home/hyaah/Desktop/laravel-app-collection/sim-siswa-app/vendor/laravel/framework/src/Illuminate/Pipeline/Pipeline.php(163): Illuminate\\Routing\\Middleware\\SubstituteBindings->handle()
#25 /home/hyaah/Desktop/laravel-app-collection/sim-siswa-app/vendor/laravel/framework/src/Illuminate/Routing/Pipeline.php(53): Illuminate\\Pipeline\\Pipeline->Illuminate\\Pipeline\\{closure}()
#26 /home/hyaah/Desktop/laravel-app-collection/sim-siswa-app/vendor/laravel/framework/src/Illuminate/Auth/Middleware/Authenticate.php(43): Illuminate\\Routing\\Pipeline->Illuminate\\Routing\\{closure}()
#27 /home/hyaah/Desktop/laravel-app-collection/sim-siswa-app/vendor/laravel/framework/src/Illuminate/Pipeline/Pipeline.php(163): Illuminate\\Auth\\Middleware\\Authenticate->handle()
#28 /home/hyaah/Desktop/laravel-app-collection/sim-siswa-app/vendor/laravel/framework/src/Illuminate/Routing/Pipeline.php(53): Illuminate\\Pipeline\\Pipeline->Illuminate\\Pipeline\\{closure}()
#29 /home/hyaah/Desktop/laravel-app-collection/sim-siswa-app/vendor/laravel/framework/src/Illuminate/Foundation/Http/Middleware/VerifyCsrfToken.php(75): Illuminate\\Routing\\Pipeline->Illuminate\\Routing\\{closure}()
#30 /home/hyaah/Desktop/laravel-app-collection/sim-siswa-app/vendor/laravel/framework/src/Illuminate/Pipeline/Pipeline.php(163): Illuminate\\Foundation\\Http\\Middleware\\VerifyCsrfToken->handle()
#31 /home/hyaah/Desktop/laravel-app-collection/sim-siswa-app/vendor/laravel/framework/src/Illuminate/Routing/Pipeline.php(53): Illuminate\\Pipeline\\Pipeline->Illuminate\\Pipeline\\{closure}()
#32 /home/hyaah/Desktop/laravel-app-collection/sim-siswa-app/vendor/laravel/framework/src/Illuminate/View/Middleware/ShareErrorsFromSession.php(49): Illuminate\\Routing\\Pipeline->Illuminate\\Routing\\{closure}()
#33 /home/hyaah/Desktop/laravel-app-collection/sim-siswa-app/vendor/laravel/framework/src/Illuminate/Pipeline/Pipeline.php(163): Illuminate\\View\\Middleware\\ShareErrorsFromSession->handle()
#34 /home/hyaah/Desktop/laravel-app-collection/sim-siswa-app/vendor/laravel/framework/src/Illuminate/Routing/Pipeline.php(53): Illuminate\\Pipeline\\Pipeline->Illuminate\\Pipeline\\{closure}()
#35 /home/hyaah/Desktop/laravel-app-collection/sim-siswa-app/vendor/laravel/framework/src/Illuminate/Session/Middleware/StartSession.php(56): Illuminate\\Routing\\Pipeline->Illuminate\\Routing\\{closure}()
#36 /home/hyaah/Desktop/laravel-app-collection/sim-siswa-app/vendor/laravel/framework/src/Illuminate/Pipeline/Pipeline.php(163): Illuminate\\Session\\Middleware\\StartSession->handle()
#37 /home/hyaah/Desktop/laravel-app-collection/sim-siswa-app/vendor/laravel/framework/src/Illuminate/Routing/Pipeline.php(53): Illuminate\\Pipeline\\Pipeline->Illuminate\\Pipeline\\{closure}()
#38 /home/hyaah/Desktop/laravel-app-collection/sim-siswa-app/vendor/laravel/framework/src/Illuminate/Cookie/Middleware/AddQueuedCookiesToResponse.php(37): Illuminate\\Routing\\Pipeline->Illuminate\\Routing\\{closure}()
#39 /home/hyaah/Desktop/laravel-app-collection/sim-siswa-app/vendor/laravel/framework/src/Illuminate/Pipeline/Pipeline.php(163): Illuminate\\Cookie\\Middleware\\AddQueuedCookiesToResponse->handle()
#40 /home/hyaah/Desktop/laravel-app-collection/sim-siswa-app/vendor/laravel/framework/src/Illuminate/Routing/Pipeline.php(53): Illuminate\\Pipeline\\Pipeline->Illuminate\\Pipeline\\{closure}()
#41 /home/hyaah/Desktop/laravel-app-collection/sim-siswa-app/vendor/laravel/framework/src/Illuminate/Cookie/Middleware/EncryptCookies.php(66): Illuminate\\Routing\\Pipeline->Illuminate\\Routing\\{closure}()
#42 /home/hyaah/Desktop/laravel-app-collection/sim-siswa-app/vendor/laravel/framework/src/Illuminate/Pipeline/Pipeline.php(163): Illuminate\\Cookie\\Middleware\\EncryptCookies->handle()
#43 /home/hyaah/Desktop/laravel-app-collection/sim-siswa-app/vendor/laravel/framework/src/Illuminate/Routing/Pipeline.php(53): Illuminate\\Pipeline\\Pipeline->Illuminate\\Pipeline\\{closure}()
#44 /home/hyaah/Desktop/laravel-app-collection/sim-siswa-app/vendor/laravel/framework/src/Illuminate/Pipeline/Pipeline.php(104): Illuminate\\Routing\\Pipeline->Illuminate\\Routing\\{closure}()
#45 /home/hyaah/Desktop/laravel-app-collection/sim-siswa-app/vendor/laravel/framework/src/Illuminate/Routing/Router.php(682): Illuminate\\Pipeline\\Pipeline->then()
#46 /home/hyaah/Desktop/laravel-app-collection/sim-siswa-app/vendor/laravel/framework/src/Illuminate/Routing/Router.php(657): Illuminate\\Routing\\Router->runRouteWithinStack()
#47 /home/hyaah/Desktop/laravel-app-collection/sim-siswa-app/vendor/laravel/framework/src/Illuminate/Routing/Router.php(623): Illuminate\\Routing\\Router->runRoute()
#48 /home/hyaah/Desktop/laravel-app-collection/sim-siswa-app/vendor/laravel/framework/src/Illuminate/Routing/Router.php(612): Illuminate\\Routing\\Router->dispatchToRoute()
#49 /home/hyaah/Desktop/laravel-app-collection/sim-siswa-app/vendor/laravel/framework/src/Illuminate/Foundation/Http/Kernel.php(176): Illuminate\\Routing\\Router->dispatch()
#50 /home/hyaah/Desktop/laravel-app-collection/sim-siswa-app/vendor/laravel/framework/src/Illuminate/Routing/Pipeline.php(30): Illuminate\\Foundation\\Http\\Kernel->Illuminate\\Foundation\\Http\\{closure}()
#51 /home/hyaah/Desktop/laravel-app-collection/sim-siswa-app/vendor/laravel/framework/src/Illuminate/Foundation/Http/Middleware/TransformsRequest.php(21): Illuminate\\Routing\\Pipeline->Illuminate\\Routing\\{closure}()
#52 /home/hyaah/Desktop/laravel-app-collection/sim-siswa-app/vendor/laravel/framework/src/Illuminate/Pipeline/Pipeline.php(163): Illuminate\\Foundation\\Http\\Middleware\\TransformsRequest->handle()
#53 /home/hyaah/Desktop/laravel-app-collection/sim-siswa-app/vendor/laravel/framework/src/Illuminate/Routing/Pipeline.php(53): Illuminate\\Pipeline\\Pipeline->Illuminate\\Pipeline\\{closure}()
#54 /home/hyaah/Desktop/laravel-app-collection/sim-siswa-app/vendor/laravel/framework/src/Illuminate/Foundation/Http/Middleware/TransformsRequest.php(21): Illuminate\\Routing\\Pipeline->Illuminate\\Routing\\{closure}()
#55 /home/hyaah/Desktop/laravel-app-collection/sim-siswa-app/vendor/laravel/framework/src/Illuminate/Pipeline/Pipeline.php(163): Illuminate\\Foundation\\Http\\Middleware\\TransformsRequest->handle()
#56 /home/hyaah/Desktop/laravel-app-collection/sim-siswa-app/vendor/laravel/framework/src/Illuminate/Routing/Pipeline.php(53): Illuminate\\Pipeline\\Pipeline->Illuminate\\Pipeline\\{closure}()
#57 /home/hyaah/Desktop/laravel-app-collection/sim-siswa-app/vendor/laravel/framework/src/Illuminate/Foundation/Http/Middleware/ValidatePostSize.php(27): Illuminate\\Routing\\Pipeline->Illuminate\\Routing\\{closure}()
#58 /home/hyaah/Desktop/laravel-app-collection/sim-siswa-app/vendor/laravel/framework/src/Illuminate/Pipeline/Pipeline.php(163): Illuminate\\Foundation\\Http\\Middleware\\ValidatePostSize->handle()
#59 /home/hyaah/Desktop/laravel-app-collection/sim-siswa-app/vendor/laravel/framework/src/Illuminate/Routing/Pipeline.php(53): Illuminate\\Pipeline\\Pipeline->Illuminate\\Pipeline\\{closure}()
#60 /home/hyaah/Desktop/laravel-app-collection/sim-siswa-app/vendor/laravel/framework/src/Illuminate/Foundation/Http/Middleware/CheckForMaintenanceMode.php(62): Illuminate\\Routing\\Pipeline->Illuminate\\Routing\\{closure}()
#61 /home/hyaah/Desktop/laravel-app-collection/sim-siswa-app/vendor/laravel/framework/src/Illuminate/Pipeline/Pipeline.php(163): Illuminate\\Foundation\\Http\\Middleware\\CheckForMaintenanceMode->handle()
#62 /home/hyaah/Desktop/laravel-app-collection/sim-siswa-app/vendor/laravel/framework/src/Illuminate/Routing/Pipeline.php(53): Illuminate\\Pipeline\\Pipeline->Illuminate\\Pipeline\\{closure}()
#63 /home/hyaah/Desktop/laravel-app-collection/sim-siswa-app/vendor/fideloper/proxy/src/TrustProxies.php(57): Illuminate\\Routing\\Pipeline->Illuminate\\Routing\\{closure}()
#64 /home/hyaah/Desktop/laravel-app-collection/sim-siswa-app/vendor/laravel/framework/src/Illuminate/Pipeline/Pipeline.php(163): Fideloper\\Proxy\\TrustProxies->handle()
#65 /home/hyaah/Desktop/laravel-app-collection/sim-siswa-app/vendor/laravel/framework/src/Illuminate/Routing/Pipeline.php(53): Illuminate\\Pipeline\\Pipeline->Illuminate\\Pipeline\\{closure}()
#66 /home/hyaah/Desktop/laravel-app-collection/sim-siswa-app/vendor/laravel/framework/src/Illuminate/Pipeline/Pipeline.php(104): Illuminate\\Routing\\Pipeline->Illuminate\\Routing\\{closure}()
#67 /home/hyaah/Desktop/laravel-app-collection/sim-siswa-app/vendor/laravel/framework/src/Illuminate/Foundation/Http/Kernel.php(151): Illuminate\\Pipeline\\Pipeline->then()
#68 /home/hyaah/Desktop/laravel-app-collection/sim-siswa-app/vendor/laravel/framework/src/Illuminate/Foundation/Http/Kernel.php(116): Illuminate\\Foundation\\Http\\Kernel->sendRequestThroughRouter()
#69 /home/hyaah/Desktop/laravel-app-collection/sim-siswa-app/public/index.php(55): Illuminate\\Foundation\\Http\\Kernel->handle()
#70 /home/hyaah/Desktop/laravel-app-collection/sim-siswa-app/server.php(21): require_once('/home/hyaah/Des...')
#71 {main}
"} 
